#
# A fatal error has been detected by the Java Runtime Environment:
#
#  Internal Error (jvmciRuntime.cpp:1609), pid=30, tid=49
#  fatal error: Fatal exception in JVMCI: Error calling jdk.vm.ci.services.Services.serializeSavedProperties
#
# JRE version: OpenJDK Runtime Environment GraalVM CE 22.3.0 (17.0.5+8) (build 17.0.5+8-jvmci-22.3-b08)
# Java VM: OpenJDK 64-Bit Server VM GraalVM CE 22.3.0 (17.0.5+8-jvmci-22.3-b08, mixed mode, sharing, tiered, jvmci, jvmci compiler, compressed oops, compressed class ptrs, parallel gc, linux-amd64)
# Problematic frame:
# V  [libjvm.so+0x972714]  JVMCIRuntime::fatal_exception(JVMCIEnv*, char const*)+0x74
#
# Core dump will be written. Default location: Core dumps may be processed with "/usr/share/apport/apport -p%p -s%s -c%c -d%d -P%P -u%u -g%g -- %E" (or dumping to /home/runner/Nim-game/core.30)
#
# If you would like to submit a bug report, please visit:
#   https://github.com/oracle/graal/issues
#

---------------  S U M M A R Y ------------

Command Line: -XX:ThreadPriorityPolicy=1 -XX:+UnlockExperimentalVMOptions -XX:+EnableJVMCIProduct -XX:JVMCIThreadsPerNativeLibraryRuntime=1 -XX:-UnlockExperimentalVMOptions -Declipse.application=org.eclipse.jdt.ls.core.id1 -Dosgi.bundles.defaultStartLevel=4 -Declipse.product=org.eclipse.jdt.ls.core.product -Dlog.level=ALL -Xverify:none -XX:+UseParallelGC -XX:GCTimeRatio=4 -XX:AdaptiveSizePolicyWeight=90 -Dsun.zip.disableMemoryMapping=true -Xmx512m -Xms100m /nix/store/q9712qvwdh22a4krw4jz2sjrz07mvjbl-jdt-language-server-1.9.0/share/java/plugins/org.eclipse.equinox.launcher_1.6.400.v20210924-0641.jar --add-modules=ALL-SYSTEM --add-opens java.base/java.util=ALL-UNNAMED --add-opens java.base/java.lang=ALL-UNNAMED -configuration /home/runner/Nim-game/.cache/jdt-language-server/config -data /home/runner/.cache/jdt-language-server/data/home/runner/Nim-game

Host: Intel(R) Xeon(R) CPU @ 2.20GHz, 8 cores, 1G, Ubuntu 20.04.2 LTS
Time: Mon Feb  5 15:25:57 2024 UTC elapsed time: 862.095939 seconds (0d 0h 14m 22s)

---------------  T H R E A D  ---------------

Current thread (0x00007f7e180b1c30):  JavaThread "JVMCI-native CompilerThread0" daemon [_thread_in_vm, id=49, stack(0x00007f7dff1b3000,0x00007f7dff3b3000)]


Current CompileTask:
JVMCI-native: 862096 8592 %     4       org.eclipse.jdt.internal.core.index.DiskIndex::copyQueryResults @ 21 (218 bytes)

Stack: [0x00007f7dff1b3000,0x00007f7dff3b3000],  sp=0x00007f7dff3b1380,  free space=2040k
Native frames: (J=compiled Java code, j=interpreted, Vv=VM code, C=native code)
V  [libjvm.so+0x972714]  JVMCIRuntime::fatal_exception(JVMCIEnv*, char const*)+0x74
V  [libjvm.so+0x93e2fe]  JVMCIEnv::copy_saved_properties()+0x14e
V  [libjvm.so+0x9732a9]  JVMCIRuntime::initialize(JVMCIEnv*)+0xb19
V  [libjvm.so+0x9738a2]  JVMCIRuntime::get_HotSpotJVMCIRuntime(JVMCIEnv*)+0x12
V  [libjvm.so+0x9749f2]  JVMCIRuntime::compile_method(JVMCIEnv*, JVMCICompiler*, methodHandle const&, int)+0xd2
V  [libjvm.so+0x5b0d20]  CompileBroker::invoke_compiler_on_method(CompileTask*)+0x1470
V  [libjvm.so+0x5b12e8]  CompileBroker::compiler_thread_loop()+0x528
V  [libjvm.so+0xd82460]  JavaThread::thread_main_inner()+0xd0
V  [libjvm.so+0xd85a40]  Thread::call_run()+0xc0
V  [libjvm.so+0xbdb1e1]  thread_native_entry(Thread*)+0xe1

Register to memory mapping:

RAX=0x00007f7e1eeac000 points into unknown readable memory: 0x0000000000000058 | 58 00 00 00 00 00 00 00
RBX=0x00007f7e1ffa7398: <offset 0x0000000000ef5398> in /nix/store/gpxl5qgg8kicmcvivwmybwjlpf7wh20l-graalvm17-ce-22.3.0/lib/server/libjvm.so at 0x00007f7e1f0b2000
RCX=0x00007f7e1ff5f1e8: <offset 0x0000000000ead1e8> in /nix/store/gpxl5qgg8kicmcvivwmybwjlpf7wh20l-graalvm17-ce-22.3.0/lib/server/libjvm.so at 0x00007f7e1f0b2000
RDX=0x0000000000000649 is an unknown value
RSP=0x00007f7dff3b1380 is pointing into the stack for thread: 0x00007f7e180b1c30
RBP=0x00007f7dff3b13a0 is pointing into the stack for thread: 0x00007f7e180b1c30
RSI=0x00007f7e1ffa7c48: <offset 0x0000000000ef5c48> in /nix/store/gpxl5qgg8kicmcvivwmybwjlpf7wh20l-graalvm17-ce-22.3.0/lib/server/libjvm.so at 0x00007f7e1f0b2000
RDI=0x00000000e0000000 is an oop: java.util.LinkedHashMap 
{0x00000000e0000000} - klass: 'java/util/LinkedHashMap'
 - ---- fields (total size 7 words):
 - transient 'keySet' 'Ljava/util/Set;' @12  NULL (0)
 - transient 'values' 'Ljava/util/Collection;' @16  NULL (0)
 - transient 'size' 'I' @20  1
 - transient 'modCount' 'I' @24  1
 - 'threshold' 'I' @28  1
 - final 'loadFactor' 'F' @32  0.750000 (3f400000)
 - transient 'table' '[Ljava/util/HashMap$Node;' @36  a 'java/util/HashMap$Node'[2] {0x00000000e0000038} (e0000038)
 - transient 'entrySet' 'Ljava/util/Set;' @40  a 'java/util/LinkedHashMap$LinkedEntrySet'{0x00000000e00000d0} (e00000d0)
 - final 'accessOrder' 'Z' @44  false
 - transient 'head' 'Ljava/util/LinkedHashMap$Entry;' @48  a 'java/util/LinkedHashMap$Entry'{0x00000000e0000050} (e0000050)
 - transient 'tail' 'Ljava/util/LinkedHashMap$Entry;' @52  a 'java/util/LinkedHashMap$Entry'{0x00000000e0000050} (e0000050)
R8 =0x00007f7e1ffa7398: <offset 0x0000000000ef5398> in /nix/store/gpxl5qgg8kicmcvivwmybwjlpf7wh20l-graalvm17-ce-22.3.0/lib/server/libjvm.so at 0x00007f7e1f0b2000
R9 =0x00007f7dff3b1330 is pointing into the stack for thread: 0x00007f7e180b1c30
R10=0x00007f7dff3b2948 is pointing into the stack for thread: 0x00007f7e180b1c30
R11=0x0000000000000293 is an unknown value
R12=0x0 is NULL
R13=0x00007f7e180b1c30 is a thread
R14=0x00007f7e18000b80 points into unknown readable memory: 0x00007f7e201d8a38 | 38 8a 1d 20 7e 7f 00 00
R15=0x00007f7e202e6e40: <offset 0x0000000001234e40> in /nix/store/gpxl5qgg8kicmcvivwmybwjlpf7wh20l-graalvm17-ce-22.3.0/lib/server/libjvm.so at 0x00007f7e1f0b2000


Registers:
RAX=0x00007f7e1eeac000, RBX=0x00007f7e1ffa7398, RCX=0x00007f7e1ff5f1e8, RDX=0x0000000000000649
RSP=0x00007f7dff3b1380, RBP=0x00007f7dff3b13a0, RSI=0x00007f7e1ffa7c48, RDI=0x00000000e0000000
R8 =0x00007f7e1ffa7398, R9 =0x00007f7dff3b1330, R10=0x00007f7dff3b2948, R11=0x0000000000000293
R12=0x0000000000000000, R13=0x00007f7e180b1c30, R14=0x00007f7e18000b80, R15=0x00007f7e202e6e40
RIP=0x00007f7e1fa24714, EFLAGS=0x0000000000010206, CSGSFS=0x002b000000000033, ERR=0x0000000000000006
  TRAPNO=0x000000000000000e

Top of Stack: (sp=0x00007f7dff3b1380)
0x00007f7dff3b1380:   00007f7dff3b1940 00007f7e180b1c30
0x00007f7dff3b1390:   00007f7e1d83d8c8 0000000800c405e8
0x00007f7dff3b13a0:   00007f7dff3b1500 00007f7e1f9f02fe
0x00007f7dff3b13b0:   00007f7dff3b13e0 00007f7dff3b1440 

Instructions: (pc=0x00007f7e1fa24714)
0x00007f7e1fa24614:   30 e8 f6 cf e8 ff 4c 89 e7 e8 2e 48 d1 ff 84 db
0x00007f7e1fa24624:   75 2a 4d 85 ed 74 04 4d 8b 6d 00 48 83 c4 08 44
0x00007f7e1fa24634:   89 f9 4c 89 f2 4c 89 ee 5b 4c 89 e7 41 5c 41 5d
0x00007f7e1fa24644:   41 5e 41 5f 5d e9 e2 47 d1 ff 66 90 48 83 c4 08
0x00007f7e1fa24654:   5b 41 5c 41 5d 41 5e 41 5f 5d c3 90 31 d2 be 08
0x00007f7e1fa24664:   00 00 00 4c 89 ff e8 b1 78 a3 ff 49 89 c5 e9 37
0x00007f7e1fa24674:   ff ff ff 66 0f 1f 84 00 00 00 00 00 48 8b 7a 08
0x00007f7e1fa24684:   e9 6d ff ff ff 0f 1f 80 00 00 00 00 e8 5b 48 0a
0x00007f7e1fa24694:   00 84 c0 75 89 e9 6a ff ff ff 66 90 55 48 89 e5
0x00007f7e1fa246a4:   41 56 41 55 41 54 49 89 fc 53 48 89 f3 66 48 8d
0x00007f7e1fa246b4:   3d 27 5e 85 00 66 66 48 e8 df 43 8d ff 4c 8b 28
0x00007f7e1fa246c4:   8b 05 be 72 8a 00 85 c0 75 14 ba 01 00 00 00 48
0x00007f7e1fa246d4:   8d 0d ae 72 8a 00 f0 0f b1 11 85 c0 74 4e be c8
0x00007f7e1fa246e4:   00 00 00 4c 89 ef e8 01 0b 41 00 48 8d 05 12 ac
0x00007f7e1fa246f4:   85 00 49 89 d8 48 8d 0d e8 aa 53 00 ba 49 06 00
0x00007f7e1fa24704:   00 48 8d 35 3c 35 58 00 bf 00 00 00 e0 48 8b 00
0x00007f7e1fa24714:   c6 00 58 31 c0 e8 e2 91 c6 ff 5b 41 5c 41 5d 41
0x00007f7e1fa24724:   5e 5d e9 55 34 26 00 0f 1f 44 00 00 48 8d 05 81
0x00007f7e1fa24734:   a3 8b 00 48 89 df 4c 8b 30 e8 9e 43 8d ff 48 89
0x00007f7e1fa24744:   de 48 89 c2 49 8b 06 4c 89 f7 ff 50 08 4c 89 f7
0x00007f7e1fa24754:   e8 a7 5c 27 00 4d 85 e4 74 12 be 01 00 00 00 4c
0x00007f7e1fa24764:   89 e7 e8 35 43 fc ff eb 82 0f 1f 00 be 01 00 00
0x00007f7e1fa24774:   00 4c 89 ef e8 d3 fd ff ff e9 6d ff ff ff 66 66
0x00007f7e1fa24784:   2e 0f 1f 84 00 00 00 00 00 0f 1f 00 55 48 89 e5
0x00007f7e1fa24794:   41 57 41 56 41 55 41 54 53 48 81 ec 08 02 00 00
0x00007f7e1fa247a4:   64 48 8b 04 25 28 00 00 00 48 89 45 c8 8b 07 83
0x00007f7e1fa247b4:   f8 02 0f 84 11 04 00 00 4c 8b 6f 18 49 89 ff 49
0x00007f7e1fa247c4:   89 f4 4d 85 ed 74 14 4c 89 ef e8 5d 57 22 00 41
0x00007f7e1fa247d4:   8b 07 83 f8 02 0f 84 19 04 00 00 48 8d 1d 9a 06
0x00007f7e1fa247e4:   8a 00 4c 8d 35 0b 3c 58 00 eb 38 90 48 85 d2 7f
0x00007f7e1fa247f4:   0d 48 8d 05 b4 c0 85 00 48 83 38 00 7e 0e 41 8b
0x00007f7e1fa24804:   77 2c 4c 89 f7 31 c0 e8 a0 b2 f7 ff 49 8b 7f 18 


Stack slot to memory mapping:
stack at sp + 0 slots: 0x00007f7dff3b1940 is pointing into the stack for thread: 0x00007f7e180b1c30
stack at sp + 1 slots: 0x00007f7e180b1c30 is a thread
stack at sp + 2 slots: 0x00007f7e1d83d8c8 points into unknown readable memory: 0x65730018e552ffff | ff ff 52 e5 18 00 73 65
stack at sp + 3 slots: 0x0000000800c405e8 is a pointer to class: 
jdk.vm.ci.services.Services {0x0000000800c405e8}
 - instance size:     2
 - klass size:        65
 - access:            public final synchronized 
 - state:             fully_initialized
 - name:              'jdk/vm/ci/services/Services'
 - super:             'java/lang/Object'
 - sub:               
 - arrays:            NULL
 - methods:           Array<T>(0x00007f7e1c838ed0)
 - method ordering:   Array<T>(0x0000000800928960)
 - default_methods:   Array<T>(0x0000000000000000)
 - local interfaces:  Array<T>(0x00000008005ce810)
 - trans. interfaces: Array<T>(0x00000008005ce810)
 - constants:         constant pool [427] {0x00007f7e1c837fb0} for 'jdk/vm/ci/services/Services' cache=0x00007f7e1c83a1a0
 - class loader data:  loader data: 0x00007f7e18027cf0 of 'bootstrap'
 - source file:       'Services.java'
 - class annotations:       Array<T>(0x0000000000000000)
 - class type annotations:  Array<T>(0x0000000000000000)
 - field annotations:       Array<T>(0x0000000000000000)
 - field type annotations:  Array<T>(0x0000000000000000)
 - inner classes:     Array<T>(0x00007f7e1c83a170)
 - nest members:     Array<T>(0x00007f7e1c83a190)
 - permitted subclasses:     Array<T>(0x00000008005ce7a0)
 - java mirror:       a 'java/lang/Class'{0x00000000e02a9260} = 'jdk/vm/ci/services/Services'
 - vtable length      5  (start addr: 0x0000000800c407b8)
 - itable length      2 (start addr: 0x0000000800c407e0)
 - ---- static fields (3 words):
 - public static final 'IS_BUILDING_NATIVE_IMAGE' 'Z' @128 
 - public static final 'IS_IN_NATIVE_IMAGE' 'Z' @129 
 - private static volatile 'savedProperties' 'Ljava/util/Map;' @112 
 - static final 'JVMCI_ENABLED' 'Z' @130 
 - private static final 'servicesCache' 'Ljava/util/Map;' @116 
 - private static final 'MAX_UNICODE_IN_UTF8_LENGTH' 'I' @120 
 - private static final 'MAX_UTF8_PROPERTY_STRING_LENGTH' 'I' @124 
 - ---- non-static fields (0 words):
 - non-static oop maps: 
stack at sp + 4 slots: 0x00007f7dff3b1500 is pointing into the stack for thread: 0x00007f7e180b1c30
stack at sp + 5 slots: 0x00007f7e1f9f02fe: <offset 0x000000000093e2fe> in /nix/store/gpxl5qgg8kicmcvivwmybwjlpf7wh20l-graalvm17-ce-22.3.0/lib/server/libjvm.so at 0x00007f7e1f0b2000
stack at sp + 6 slots: 0x00007f7dff3b13e0 is pointing into the stack for thread: 0x00007f7e180b1c30
stack at sp + 7 slots: 0x00007f7dff3b1440 is pointing into the stack for thread: 0x00007f7e180b1c30


---------------  P R O C E S S  ---------------

Threads class SMR info:
_java_thread_list=0x00007f7d8c000b70, length=21, elements={
0x00007f7e18025f90, 0x00007f7e180a5f30, 0x00007f7e180a7370, 0x00007f7e180adaa0,
0x00007f7e180aee50, 0x00007f7e180b0240, 0x00007f7e180b1c30, 0x00007f7e180b3140,
0x00007f7e180b4590, 0x00007f7e180dfe20, 0x00007f7e181280e0, 0x00007f7e18345a80,
0x00007f7e18348aa0, 0x00007f7db002f500, 0x00007f7db0454a60, 0x00007f7d9c0010d0,
0x00007f7db063c8d0, 0x00007f7db07ec1b0, 0x00007f7da0000ff0, 0x00007f7e184622a0,
0x00007f7d88431e60
}

Java Threads: ( => current thread )
  0x00007f7e18025f90 JavaThread "main" [_thread_blocked, id=41, stack(0x00007f7e1eecd000,0x00007f7e1efcd000)]
  0x00007f7e180a5f30 JavaThread "Reference Handler" daemon [_thread_blocked, id=44, stack(0x00007f7e1c5fe000,0x00007f7e1c6fe000)]
  0x00007f7e180a7370 JavaThread "Finalizer" daemon [_thread_blocked, id=45, stack(0x00007f7e1c4fe000,0x00007f7e1c5fe000)]
  0x00007f7e180adaa0 JavaThread "Signal Dispatcher" daemon [_thread_blocked, id=46, stack(0x00007f7e1c118000,0x00007f7e1c218000)]
  0x00007f7e180aee50 JavaThread "Service Thread" daemon [_thread_blocked, id=47, stack(0x00007f7e1c018000,0x00007f7e1c118000)]
  0x00007f7e180b0240 JavaThread "Monitor Deflation Thread" daemon [_thread_blocked, id=48, stack(0x00007f7dff3b3000,0x00007f7dff4b3000)]
=>0x00007f7e180b1c30 JavaThread "JVMCI-native CompilerThread0" daemon [_thread_in_vm, id=49, stack(0x00007f7dff1b3000,0x00007f7dff3b3000)]
  0x00007f7e180b3140 JavaThread "C1 CompilerThread0" daemon [_thread_blocked, id=50, stack(0x00007f7dfefb3000,0x00007f7dff1b3000)]
  0x00007f7e180b4590 JavaThread "Sweeper thread" daemon [_thread_blocked, id=51, stack(0x00007f7dfeeb3000,0x00007f7dfefb3000)]
  0x00007f7e180dfe20 JavaThread "Common-Cleaner" daemon [_thread_blocked, id=52, stack(0x00007f7dfedb3000,0x00007f7dfeeb3000)]
  0x00007f7e181280e0 JavaThread "Notification Thread" daemon [_thread_blocked, id=54, stack(0x00007f7dfecb3000,0x00007f7dfedb3000)]
  0x00007f7e18345a80 JavaThread "Framework Event Dispatcher: Equinox Container: e21fffda-e87e-430a-9e3f-a8b0cf4f4274" daemon [_thread_blocked, id=74, stack(0x00007f7dfc500000,0x00007f7dfc600000)]
  0x00007f7e18348aa0 JavaThread "Start Level: Equinox Container: e21fffda-e87e-430a-9e3f-a8b0cf4f4274" daemon [_thread_blocked, id=75, stack(0x00007f7dfc300000,0x00007f7dfc400000)]
  0x00007f7db002f500 JavaThread "SCR Component Actor" daemon [_thread_blocked, id=76, stack(0x00007f7dfc100000,0x00007f7dfc200000)]
  0x00007f7db0454a60 JavaThread "Worker-JM" [_thread_blocked, id=84, stack(0x00007f7dc6b00000,0x00007f7dc6c00000)]
  0x00007f7d9c0010d0 JavaThread "Worker-1" [_thread_blocked, id=86, stack(0x00007f7dc6700000,0x00007f7dc6800000)]
  0x00007f7db063c8d0 JavaThread "Java indexing" daemon [_thread_blocked, id=93, stack(0x00007f7dc6500000,0x00007f7dc6600000)]
  0x00007f7db07ec1b0 JavaThread "Bundle File Closer" daemon [_thread_blocked, id=94, stack(0x00007f7dc6300000,0x00007f7dc6400000)]
  0x00007f7da0000ff0 JavaThread "Worker-2" [_thread_blocked, id=96, stack(0x00007f7dc5f00000,0x00007f7dc6000000)]
  0x00007f7e184622a0 JavaThread "pool-2-thread-1" [_thread_in_native, id=100, stack(0x00007f7dc5d00000,0x00007f7dc5e00000)]
  0x00007f7d88431e60 JavaThread "Okio Watchdog" daemon [_thread_blocked, id=172, stack(0x00007f7dc5500000,0x00007f7dc5600000)]

Other Threads:
  0x00007f7e180a1670 VMThread "VM Thread" [stack: 0x00007f7e1c700000,0x00007f7e1c800000] [id=43] _threads_hazard_ptr=0x00007f7d8c000b70
  0x00007f7e18129a80 WatcherThread [stack: 0x00007f7dfebb3000,0x00007f7dfecb3000] [id=55]
  0x00007f7e1803d890 GCTaskThread "GC Thread#0" [stack: 0x00007f7e1ea90000,0x00007f7e1eb90000] [id=42]

Threads with active compile tasks:
JVMCI-native CompilerThread0   862194 8592 %     4       org.eclipse.jdt.internal.core.index.DiskIndex::copyQueryResults @ 21 (218 bytes)

VM state: synchronizing (normal execution)

VM Mutex/Monitor currently owned by a thread:  ([mutex/lock_event])
[0x00007f7e180230e0] Threads_lock - owner thread: 0x00007f7e180a1670
[0x00007f7e18023890] Heap_lock - owner thread: 0x00007f7da0000ff0

OutOfMemory and StackOverflow Exception counts:
OutOfMemoryError java_heap_errors=17
LinkageErrors=62

Heap address: 0x00000000e0000000, size: 512 MB, Compressed Oops mode: 32-bit

CDS archive(s) mapped at: [0x0000000800000000-0x0000000800bc8000-0x0000000800bc8000), size 12353536, SharedBaseAddress: 0x0000000800000000, ArchiveRelocationMode: 0.
Compressed class space mapped at: 0x0000000800c00000-0x0000000840c00000, reserved size: 1073741824
Narrow klass base: 0x0000000800000000, Narrow klass shift: 0, Narrow klass range: 0x100000000

GC Precious Log:
 CPUs: 8 total, 1 available
 Memory: 1024M
 Large Page Support: Disabled
 NUMA Support: Disabled
 Compressed Oops: Enabled (32-bit)
 Alignments: Space 512K, Generation 512K, Heap 2M
 Heap Min Capacity: 100M
 Heap Initial Capacity: 100M
 Heap Max Capacity: 512M
 Pre-touch: Disabled
 Parallel Workers: 1

Heap:
 PSYoungGen      total 39424K, used 29184K [0x00000000f5580000, 0x00000000f8800000, 0x0000000100000000)
  eden space 29184K, 100% used [0x00000000f5580000,0x00000000f7200000,0x00000000f7200000)
  from space 10240K, 0% used [0x00000000f7c00000,0x00000000f7c00000,0x00000000f8600000)
  to   space 512K, 0% used [0x00000000f7280000,0x00000000f7280000,0x00000000f7300000)
 ParOldGen       total 349696K, used 349695K [0x00000000e0000000, 0x00000000f5580000, 0x00000000f5580000)
  object space 349696K, 99% used [0x00000000e0000000,0x00000000f557fff8,0x00000000f5580000)
 Metaspace       used 55207K, committed 56320K, reserved 1105920K
  class space    used 5452K, committed 5888K, reserved 1048576K

Card table byte_map: [0x00007f7e1eb90000,0x00007f7e1ec91000] _byte_map_base: 0x00007f7e1e490000

Marking Bits: (ParMarkBitMap*) 0x00007f7e202e04c0
 Begin Bits: [0x00007f7e1d9e3000, 0x00007f7e1e1e3000)
 End Bits:   [0x00007f7e1e1e3000, 0x00007f7e1e9e3000)

Polling page: 0x00007f7e1eeaa000

Metaspace:

Usage:
  Non-class:     48.59 MB used.
      Class:      5.32 MB used.
       Both:     53.91 MB used.

Virtual space:
  Non-class space:       56.00 MB reserved,      49.25 MB ( 88%) committed,  7 nodes.
      Class space:        1.00 GB reserved,       5.75 MB ( <1%) committed,  1 nodes.
             Both:        1.05 GB reserved,      55.00 MB (  5%) committed. 

Chunk freelists:
   Non-Class:  2.49 MB
       Class:  2.32 MB
        Both:  4.81 MB

MaxMetaspaceSize: unlimited
CompressedClassSpaceSize: 1.00 GB
Initial GC threshold: 21.00 MB
Current GC threshold: 91.56 MB
CDS: on
MetaspaceReclaimPolicy: balanced
 - commit_granule_bytes: 65536.
 - commit_granule_words: 8192.
 - virtual_space_node_default_size: 1048576.
 - enlarge_chunks_in_place: 1.
 - new_chunks_are_fully_committed: 0.
 - uncommit_free_chunks: 1.
 - use_allocation_guard: 0.
 - handle_deallocations: 1.


Internal statistics:

num_allocs_failed_limit: 6.
num_arena_births: 476.
num_arena_deaths: 146.
num_vsnodes_births: 8.
num_vsnodes_deaths: 0.
num_space_committed: 879.
num_space_uncommitted: 0.
num_chunks_returned_to_freelist: 206.
num_chunks_taken_from_freelist: 2651.
num_chunk_merges: 86.
num_chunk_splits: 1707.
num_chunks_enlarged: 1047.
num_purges: 16.
num_inconsistent_stats: 0.

CodeHeap 'non-profiled nmethods': size=120036Kb used=2488Kb max_used=2488Kb free=117547Kb
 bounds [0x00007f7e06f7a000, 0x00007f7e071ea000, 0x00007f7e0e4b3000]
CodeHeap 'profiled nmethods': size=120032Kb used=14890Kb max_used=14890Kb free=105142Kb
 bounds [0x00007f7dffa42000, 0x00007f7e008d2000, 0x00007f7e06f7a000]
CodeHeap 'non-nmethods': size=5692Kb used=1370Kb max_used=1387Kb free=4321Kb
 bounds [0x00007f7dff4b3000, 0x00007f7dff723000, 0x00007f7dffa42000]
 total_blobs=7663 nmethods=6961 adapters=610
 compilation: enabled
              stopped_count=0, restarted_count=0
 full_count=0

JVMCI Events (20 events):
Event: 86.154 Thread 0x00007f7e180b1c30 releasing handles for JVMCI runtime 0: oop handles=74, metadata handles={total=1440, live=824, blocks=45}
Event: 86.154 Thread 0x00007f7e180b1c30 detached from JVMCI runtime 0
Event: 336.132 Thread 0x00007f7e180b1c30 attached to JVMCI runtime 0
Event: 336.134 Thread 0x00007f7e180b1c30 created JavaVM[2]@0x00007f7dc4d9e340 for JVMCI runtime 0
Event: 336.134 Thread 0x00007f7e180b1c30 initializing JVMCI runtime 0
Event: 336.134 Thread 0x00007f7e180b1c30 done waiting for JavaVM references initialization in JVMCI runtime 0
Event: 369.419 Thread 0x00007f7e180b1c30 initialized JVMCI runtime 0
Event: 397.495 Thread 0x00007f7e180b1c30 compacted oop handles in JVMCI runtime 0 from 49 to 47
Event: 413.513 Thread 0x00007f7e180b1c30 compacted oop handles in JVMCI runtime 0 from 58 to 57
Event: 439.392 Thread 0x00007f7e180b1c30 detaching from JVMCI runtime 0: releasing idle compiler thread (0 other threads still attached)
Event: 439.392 Thread 0x00007f7e180b1c30 shutting down HotSpotJVMCIRuntime for JVMCI runtime 0
Event: 439.392 Thread 0x00007f7e180b1c30 shut down JVMCI runtime 0
Event: 441.506 Thread 0x00007f7e180b1c30 destroyed JavaVM[2]@0x00007f7dc4d9e340 for JVMCI runtime 0
Event: 441.506 Thread 0x00007f7e180b1c30 compacted oop handles in JVMCI runtime 0 from 111 to 111
Event: 441.506 Thread 0x00007f7e180b1c30 releasing handles for JVMCI runtime 0: oop handles=111, metadata handles={total=224, live=215, blocks=45}
Event: 441.506 Thread 0x00007f7e180b1c30 detached from JVMCI runtime 0
Event: 793.811 Thread 0x00007f7e180b1c30 attached to JVMCI runtime 0
Event: 793.814 Thread 0x00007f7e180b1c30 created JavaVM[3]@0x00007f7dc4d9e340 for JVMCI runtime 0
Event: 793.814 Thread 0x00007f7e180b1c30 initializing JVMCI runtime 0
Event: 793.814 Thread 0x00007f7e180b1c30 done waiting for JavaVM references initialization in JVMCI runtime 0

Compilation events (20 events):
Event: 350.095 Thread 0x00007f7e180b3140 8584       3       org.eclipse.core.internal.dtree.DataTreeNode::storeStrings (28 bytes)
Event: 350.095 Thread 0x00007f7e180b3140 nmethod 8584 0x00007f7e008c6b10 code [0x00007f7e008c6ce0, 0x00007f7e008c7570]
Event: 352.222 Thread 0x00007f7e180b3140 8586       3       org.eclipse.core.internal.jobs.InternalJob::internalSetState (15 bytes)
Event: 352.222 Thread 0x00007f7e180b3140 nmethod 8586 0x00007f7e008c7690 code [0x00007f7e008c7820, 0x00007f7e008c7930]
Event: 363.701 Thread 0x00007f7e180b3140 8587 %     3       java.io.DataOutputStream::writeUTF @ 187 (411 bytes)
Event: 365.538 Thread 0x00007f7e180b3140 nmethod 8587% 0x00007f7e008c7a10 code [0x00007f7e008c7dc0, 0x00007f7e008ca300]
Event: 397.495 Thread 0x00007f7e180b1c30 nmethod 8581 0x00007f7e071e5490 code [0x00007f7e071e5620, 0x00007f7e071e56f0]
Event: 397.496 Thread 0x00007f7e180b1c30 8583       4       org.eclipse.osgi.storage.bundlefile.ZipBundleFile::findEntry (62 bytes)
Event: 403.315 Thread 0x00007f7e180b3140 8588       3       java.util.concurrent.ThreadPoolExecutor::runStateAtLeast (11 bytes)
Event: 403.315 Thread 0x00007f7e180b3140 nmethod 8588 0x00007f7e008cb010 code [0x00007f7e008cb1a0, 0x00007f7e008cb2f0]
Event: 413.513 Thread 0x00007f7e180b1c30 nmethod 8583 0x00007f7e071e5810 code [0x00007f7e071e59c0, 0x00007f7e071e5ce0]
Event: 413.612 Thread 0x00007f7e180b1c30 8582       4       org.eclipse.osgi.internal.loader.BundleLoader::searchHooks (192 bytes)
Event: 437.321 Thread 0x00007f7e180b1c30 nmethod 8582 0x00007f7e071e6010 code [0x00007f7e071e62c0, 0x00007f7e071e73f8]
Event: 612.519 Thread 0x00007f7e180b3140 8589   !   3       java.lang.ref.ReferenceQueue::remove (125 bytes)
Event: 614.727 Thread 0x00007f7e180b3140 nmethod 8589 0x00007f7e008cb390 code [0x00007f7e008cb5c0, 0x00007f7e008cbd30]
Event: 673.382 Thread 0x00007f7e180b3140 8590       3       jdk.internal.misc.InnocuousThread::eraseThreadLocals (23 bytes)
Event: 673.382 Thread 0x00007f7e180b3140 nmethod 8590 0x00007f7e008cc090 code [0x00007f7e008cc220, 0x00007f7e008cc370]
Event: 736.315 Thread 0x00007f7e180b3140 8591       3       java.util.concurrent.atomic.AtomicLong::weakCompareAndSetVolatile (13 bytes)
Event: 740.537 Thread 0x00007f7e180b3140 nmethod 8591 0x00007f7e008cc410 code [0x00007f7e008cc5c0, 0x00007f7e008cc720]
Event: 793.811 Thread 0x00007f7e180b1c30 8592 %     4       org.eclipse.jdt.internal.core.index.DiskIndex::copyQueryResults @ 21 (218 bytes)

GC Heap History (20 events):
Event: 841.928 GC heap before
{Heap before GC invocations=475 (full 375):
 PSYoungGen      total 39424K, used 29184K [0x00000000f5580000, 0x00000000f8800000, 0x0000000100000000)
  eden space 29184K, 100% used [0x00000000f5580000,0x00000000f7200000,0x00000000f7200000)
  from space 10240K, 0% used [0x00000000f7c00000,0x00000000f7c00000,0x00000000f8600000)
  to   space 512K, 0% used [0x00000000f7280000,0x00000000f7280000,0x00000000f7300000)
 ParOldGen       total 349696K, used 349695K [0x00000000e0000000, 0x00000000f5580000, 0x00000000f5580000)
  object space 349696K, 99% used [0x00000000e0000000,0x00000000f557ffe8,0x00000000f5580000)
 Metaspace       used 55207K, committed 56320K, reserved 1105920K
  class space    used 5452K, committed 5888K, reserved 1048576K
}
Event: 843.729 GC heap after
{Heap after GC invocations=475 (full 375):
 PSYoungGen      total 29696K, used 29184K [0x00000000f5580000, 0x00000000f8800000, 0x0000000100000000)
  eden space 29184K, 100% used [0x00000000f5580000,0x00000000f7200000,0x00000000f7200000)
  from space 512K, 0% used [0x00000000f7280000,0x00000000f7280000,0x00000000f7300000)
  to   space 10240K, 0% used [0x00000000f7c00000,0x00000000f7c00000,0x00000000f8600000)
 ParOldGen       total 349696K, used 349695K [0x00000000e0000000, 0x00000000f5580000, 0x00000000f5580000)
  object space 349696K, 99% used [0x00000000e0000000,0x00000000f557ffe8,0x00000000f5580000)
 Metaspace       used 55207K, committed 56320K, reserved 1105920K
  class space    used 5452K, committed 5888K, reserved 1048576K
}
Event: 843.794 GC heap before
{Heap before GC invocations=476 (full 376):
 PSYoungGen      total 29696K, used 29184K [0x00000000f5580000, 0x00000000f8800000, 0x0000000100000000)
  eden space 29184K, 100% used [0x00000000f5580000,0x00000000f7200000,0x00000000f7200000)
  from space 512K, 0% used [0x00000000f7280000,0x00000000f7280000,0x00000000f7300000)
  to   space 10240K, 0% used [0x00000000f7c00000,0x00000000f7c00000,0x00000000f8600000)
 ParOldGen       total 349696K, used 349695K [0x00000000e0000000, 0x00000000f5580000, 0x00000000f5580000)
  object space 349696K, 99% used [0x00000000e0000000,0x00000000f557fff8,0x00000000f5580000)
 Metaspace       used 55207K, committed 56320K, reserved 1105920K
  class space    used 5452K, committed 5888K, reserved 1048576K
}
Event: 845.858 GC heap after
{Heap after GC invocations=476 (full 376):
 PSYoungGen      total 39424K, used 29184K [0x00000000f5580000, 0x00000000f8800000, 0x0000000100000000)
  eden space 29184K, 100% used [0x00000000f5580000,0x00000000f7200000,0x00000000f7200000)
  from space 10240K, 0% used [0x00000000f7c00000,0x00000000f7c00000,0x00000000f8600000)
  to   space 512K, 0% used [0x00000000f7280000,0x00000000f7280000,0x00000000f7300000)
 ParOldGen       total 349696K, used 349695K [0x00000000e0000000, 0x00000000f5580000, 0x00000000f5580000)
  object space 349696K, 99% used [0x00000000e0000000,0x00000000f557ffd0,0x00000000f5580000)
 Metaspace       used 55207K, committed 56320K, reserved 1105920K
  class space    used 5452K, committed 5888K, reserved 1048576K
}
Event: 845.864 GC heap before
{Heap before GC invocations=477 (full 377):
 PSYoungGen      total 39424K, used 29184K [0x00000000f5580000, 0x00000000f8800000, 0x0000000100000000)
  eden space 29184K, 100% used [0x00000000f5580000,0x00000000f7200000,0x00000000f7200000)
  from space 10240K, 0% used [0x00000000f7c00000,0x00000000f7c00000,0x00000000f8600000)
  to   space 512K, 0% used [0x00000000f7280000,0x00000000f7280000,0x00000000f7300000)
 ParOldGen       total 349696K, used 349696K [0x00000000e0000000, 0x00000000f5580000, 0x00000000f5580000)
  object space 349696K, 100% used [0x00000000e0000000,0x00000000f5580000,0x00000000f5580000)
 Metaspace       used 55207K, committed 56320K, reserved 1105920K
  class space    used 5452K, committed 5888K, reserved 1048576K
}
Event: 848.375 GC heap after
{Heap after GC invocations=477 (full 377):
 PSYoungGen      total 29696K, used 29184K [0x00000000f5580000, 0x00000000f8800000, 0x0000000100000000)
  eden space 29184K, 100% used [0x00000000f5580000,0x00000000f7200000,0x00000000f7200000)
  from space 512K, 0% used [0x00000000f7280000,0x00000000f7280000,0x00000000f7300000)
  to   space 10240K, 0% used [0x00000000f7c00000,0x00000000f7c00000,0x00000000f8600000)
 ParOldGen       total 349696K, used 349695K [0x00000000e0000000, 0x00000000f5580000, 0x00000000f5580000)
  object space 349696K, 99% used [0x00000000e0000000,0x00000000f557ffd0,0x00000000f5580000)
 Metaspace       used 55207K, committed 56320K, reserved 1105920K
  class space    used 5452K, committed 5888K, reserved 1048576K
}
Event: 848.375 GC heap before
{Heap before GC invocations=478 (full 378):
 PSYoungGen      total 29696K, used 29184K [0x00000000f5580000, 0x00000000f8800000, 0x0000000100000000)
  eden space 29184K, 100% used [0x00000000f5580000,0x00000000f7200000,0x00000000f7200000)
  from space 512K, 0% used [0x00000000f7280000,0x00000000f7280000,0x00000000f7300000)
  to   space 10240K, 0% used [0x00000000f7c00000,0x00000000f7c00000,0x00000000f8600000)
 ParOldGen       total 349696K, used 349696K [0x00000000e0000000, 0x00000000f5580000, 0x00000000f5580000)
  object space 349696K, 100% used [0x00000000e0000000,0x00000000f5580000,0x00000000f5580000)
 Metaspace       used 55207K, committed 56320K, reserved 1105920K
  class space    used 5452K, committed 5888K, reserved 1048576K
}
Event: 850.449 GC heap after
{Heap after GC invocations=478 (full 378):
 PSYoungGen      total 39424K, used 29184K [0x00000000f5580000, 0x00000000f8800000, 0x0000000100000000)
  eden space 29184K, 100% used [0x00000000f5580000,0x00000000f7200000,0x00000000f7200000)
  from space 10240K, 0% used [0x00000000f7c00000,0x00000000f7c00000,0x00000000f8600000)
  to   space 512K, 0% used [0x00000000f7280000,0x00000000f7280000,0x00000000f7300000)
 ParOldGen       total 349696K, used 349695K [0x00000000e0000000, 0x00000000f5580000, 0x00000000f5580000)
  object space 349696K, 99% used [0x00000000e0000000,0x00000000f557ffd0,0x00000000f5580000)
 Metaspace       used 55207K, committed 56320K, reserved 1105920K
  class space    used 5452K, committed 5888K, reserved 1048576K
}
Event: 850.450 GC heap before
{Heap before GC invocations=479 (full 379):
 PSYoungGen      total 39424K, used 29184K [0x00000000f5580000, 0x00000000f8800000, 0x0000000100000000)
  eden space 29184K, 100% used [0x00000000f5580000,0x00000000f7200000,0x00000000f7200000)
  from space 10240K, 0% used [0x00000000f7c00000,0x00000000f7c00000,0x00000000f8600000)
  to   space 512K, 0% used [0x00000000f7280000,0x00000000f7280000,0x00000000f7300000)
 ParOldGen       total 349696K, used 349696K [0x00000000e0000000, 0x00000000f5580000, 0x00000000f5580000)
  object space 349696K, 100% used [0x00000000e0000000,0x00000000f5580000,0x00000000f5580000)
 Metaspace       used 55207K, committed 56320K, reserved 1105920K
  class space    used 5452K, committed 5888K, reserved 1048576K
}
Event: 852.535 GC heap after
{Heap after GC invocations=479 (full 379):
 PSYoungGen      total 29696K, used 29184K [0x00000000f5580000, 0x00000000f8800000, 0x0000000100000000)
  eden space 29184K, 100% used [0x00000000f5580000,0x00000000f7200000,0x00000000f7200000)
  from space 512K, 0% used [0x00000000f7280000,0x00000000f7280000,0x00000000f7300000)
  to   space 10240K, 0% used [0x00000000f7c00000,0x00000000f7c00000,0x00000000f8600000)
 ParOldGen       total 349696K, used 349695K [0x00000000e0000000, 0x00000000f5580000, 0x00000000f5580000)
  object space 349696K, 99% used [0x00000000e0000000,0x00000000f557ffd0,0x00000000f5580000)
 Metaspace       used 55207K, committed 56320K, reserved 1105920K
  class space    used 5452K, committed 5888K, reserved 1048576K
}
Event: 852.535 GC heap before
{Heap before GC invocations=480 (full 380):
 PSYoungGen      total 29696K, used 29184K [0x00000000f5580000, 0x00000000f8800000, 0x0000000100000000)
  eden space 29184K, 100% used [0x00000000f5580000,0x00000000f7200000,0x00000000f7200000)
  from space 512K, 0% used [0x00000000f7280000,0x00000000f7280000,0x00000000f7300000)
  to   space 10240K, 0% used [0x00000000f7c00000,0x00000000f7c00000,0x00000000f8600000)
 ParOldGen       total 349696K, used 349696K [0x00000000e0000000, 0x00000000f5580000, 0x00000000f5580000)
  object space 349696K, 100% used [0x00000000e0000000,0x00000000f5580000,0x00000000f5580000)
 Metaspace       used 55207K, committed 56320K, reserved 1105920K
  class space    used 5452K, committed 5888K, reserved 1048576K
}
Event: 854.531 GC heap after
{Heap after GC invocations=480 (full 380):
 PSYoungGen      total 39424K, used 29184K [0x00000000f5580000, 0x00000000f8800000, 0x0000000100000000)
  eden space 29184K, 100% used [0x00000000f5580000,0x00000000f7200000,0x00000000f7200000)
  from space 10240K, 0% used [0x00000000f7c00000,0x00000000f7c00000,0x00000000f8600000)
  to   space 512K, 0% used [0x00000000f7280000,0x00000000f7280000,0x00000000f7300000)
 ParOldGen       total 349696K, used 349695K [0x00000000e0000000, 0x00000000f5580000, 0x00000000f5580000)
  object space 349696K, 99% used [0x00000000e0000000,0x00000000f557ffd0,0x00000000f5580000)
 Metaspace       used 55207K, committed 56320K, reserved 1105920K
  class space    used 5452K, committed 5888K, reserved 1048576K
}
Event: 854.531 GC heap before
{Heap before GC invocations=481 (full 381):
 PSYoungGen      total 39424K, used 29184K [0x00000000f5580000, 0x00000000f8800000, 0x0000000100000000)
  eden space 29184K, 100% used [0x00000000f5580000,0x00000000f7200000,0x00000000f7200000)
  from space 10240K, 0% used [0x00000000f7c00000,0x00000000f7c00000,0x00000000f8600000)
  to   space 512K, 0% used [0x00000000f7280000,0x00000000f7280000,0x00000000f7300000)
 ParOldGen       total 349696K, used 349696K [0x00000000e0000000, 0x00000000f5580000, 0x00000000f5580000)
  object space 349696K, 100% used [0x00000000e0000000,0x00000000f5580000,0x00000000f5580000)
 Metaspace       used 55207K, committed 56320K, reserved 1105920K
  class space    used 5452K, committed 5888K, reserved 1048576K
}
Event: 856.399 GC heap after
{Heap after GC invocations=481 (full 381):
 PSYoungGen      total 29696K, used 29184K [0x00000000f5580000, 0x00000000f8800000, 0x0000000100000000)
  eden space 29184K, 100% used [0x00000000f5580000,0x00000000f7200000,0x00000000f7200000)
  from space 512K, 0% used [0x00000000f7280000,0x00000000f7280000,0x00000000f7300000)
  to   space 10240K, 0% used [0x00000000f7c00000,0x00000000f7c00000,0x00000000f8600000)
 ParOldGen       total 349696K, used 349695K [0x00000000e0000000, 0x00000000f5580000, 0x00000000f5580000)
  object space 349696K, 99% used [0x00000000e0000000,0x00000000f557ffd0,0x00000000f5580000)
 Metaspace       used 55207K, committed 56320K, reserved 1105920K
  class space    used 5452K, committed 5888K, reserved 1048576K
}
Event: 856.400 GC heap before
{Heap before GC invocations=482 (full 382):
 PSYoungGen      total 29696K, used 29184K [0x00000000f5580000, 0x00000000f8800000, 0x0000000100000000)
  eden space 29184K, 100% used [0x00000000f5580000,0x00000000f7200000,0x00000000f7200000)
  from space 512K, 0% used [0x00000000f7280000,0x00000000f7280000,0x00000000f7300000)
  to   space 10240K, 0% used [0x00000000f7c00000,0x00000000f7c00000,0x00000000f8600000)
 ParOldGen       total 349696K, used 349696K [0x00000000e0000000, 0x00000000f5580000, 0x00000000f5580000)
  object space 349696K, 100% used [0x00000000e0000000,0x00000000f5580000,0x00000000f5580000)
 Metaspace       used 55207K, committed 56320K, reserved 1105920K
  class space    used 5452K, committed 5888K, reserved 1048576K
}
Event: 858.334 GC heap after
{Heap after GC invocations=482 (full 382):
 PSYoungGen      total 39424K, used 29184K [0x00000000f5580000, 0x00000000f8800000, 0x0000000100000000)
  eden space 29184K, 100% used [0x00000000f5580000,0x00000000f7200000,0x00000000f7200000)
  from space 10240K, 0% used [0x00000000f7c00000,0x00000000f7c00000,0x00000000f8600000)
  to   space 512K, 0% used [0x00000000f7280000,0x00000000f7280000,0x00000000f7300000)
 ParOldGen       total 349696K, used 349695K [0x00000000e0000000, 0x00000000f5580000, 0x00000000f5580000)
  object space 349696K, 99% used [0x00000000e0000000,0x00000000f557ffd0,0x00000000f5580000)
 Metaspace       used 55207K, committed 56320K, reserved 1105920K
  class space    used 5452K, committed 5888K, reserved 1048576K
}
Event: 858.335 GC heap before
{Heap before GC invocations=483 (full 383):
 PSYoungGen      total 39424K, used 29184K [0x00000000f5580000, 0x00000000f8800000, 0x0000000100000000)
  eden space 29184K, 100% used [0x00000000f5580000,0x00000000f7200000,0x00000000f7200000)
  from space 10240K, 0% used [0x00000000f7c00000,0x00000000f7c00000,0x00000000f8600000)
  to   space 512K, 0% used [0x00000000f7280000,0x00000000f7280000,0x00000000f7300000)
 ParOldGen       total 349696K, used 349695K [0x00000000e0000000, 0x00000000f5580000, 0x00000000f5580000)
  object space 349696K, 99% used [0x00000000e0000000,0x00000000f557ffe8,0x00000000f5580000)
 Metaspace       used 55207K, committed 56320K, reserved 1105920K
  class space    used 5452K, committed 5888K, reserved 1048576K
}
Event: 860.294 GC heap after
{Heap after GC invocations=483 (full 383):
 PSYoungGen      total 29696K, used 29184K [0x00000000f5580000, 0x00000000f8800000, 0x0000000100000000)
  eden space 29184K, 100% used [0x00000000f5580000,0x00000000f7200000,0x00000000f7200000)
  from space 512K, 0% used [0x00000000f7280000,0x00000000f7280000,0x00000000f7300000)
  to   space 10240K, 0% used [0x00000000f7c00000,0x00000000f7c00000,0x00000000f8600000)
 ParOldGen       total 349696K, used 349695K [0x00000000e0000000, 0x00000000f5580000, 0x00000000f5580000)
  object space 349696K, 99% used [0x00000000e0000000,0x00000000f557ffe8,0x00000000f5580000)
 Metaspace       used 55207K, committed 56320K, reserved 1105920K
  class space    used 5452K, committed 5888K, reserved 1048576K
}
Event: 860.294 GC heap before
{Heap before GC invocations=484 (full 384):
 PSYoungGen      total 29696K, used 29184K [0x00000000f5580000, 0x00000000f8800000, 0x0000000100000000)
  eden space 29184K, 100% used [0x00000000f5580000,0x00000000f7200000,0x00000000f7200000)
  from space 512K, 0% used [0x00000000f7280000,0x00000000f7280000,0x00000000f7300000)
  to   space 10240K, 0% used [0x00000000f7c00000,0x00000000f7c00000,0x00000000f8600000)
 ParOldGen       total 349696K, used 349695K [0x00000000e0000000, 0x00000000f5580000, 0x00000000f5580000)
  object space 349696K, 99% used [0x00000000e0000000,0x00000000f557ffe8,0x00000000f5580000)
 Metaspace       used 55207K, committed 56320K, reserved 1105920K
  class space    used 5452K, committed 5888K, reserved 1048576K
}
Event: 862.005 GC heap after
{Heap after GC invocations=484 (full 384):
 PSYoungGen      total 39424K, used 29184K [0x00000000f5580000, 0x00000000f8800000, 0x0000000100000000)
  eden space 29184K, 100% used [0x00000000f5580000,0x00000000f7200000,0x00000000f7200000)
  from space 10240K, 0% used [0x00000000f7c00000,0x00000000f7c00000,0x00000000f8600000)
  to   space 512K, 0% used [0x00000000f7280000,0x00000000f7280000,0x00000000f7300000)
 ParOldGen       total 349696K, used 349695K [0x00000000e0000000, 0x00000000f5580000, 0x00000000f5580000)
  object space 349696K, 99% used [0x00000000e0000000,0x00000000f557ffe8,0x00000000f5580000)
 Metaspace       used 55207K, committed 56320K, reserved 1105920K
  class space    used 5452K, committed 5888K, reserved 1048576K
}

Dll operation events (9 events):
Event: 0.002 Loaded shared library /nix/store/gpxl5qgg8kicmcvivwmybwjlpf7wh20l-graalvm17-ce-22.3.0/lib/libjava.so
Event: 0.020 Loaded shared library /nix/store/gpxl5qgg8kicmcvivwmybwjlpf7wh20l-graalvm17-ce-22.3.0/lib/libjsvml.so
Event: 0.505 Loaded shared library /nix/store/gpxl5qgg8kicmcvivwmybwjlpf7wh20l-graalvm17-ce-22.3.0/lib/libjvmcicompiler.so
Event: 0.598 Loaded shared library /nix/store/gpxl5qgg8kicmcvivwmybwjlpf7wh20l-graalvm17-ce-22.3.0/lib/libnio.so
Event: 0.609 Loaded shared library /nix/store/gpxl5qgg8kicmcvivwmybwjlpf7wh20l-graalvm17-ce-22.3.0/lib/libzip.so
Event: 1.200 Loaded shared library /nix/store/gpxl5qgg8kicmcvivwmybwjlpf7wh20l-graalvm17-ce-22.3.0/lib/libjimage.so
Event: 3.310 Loaded shared library /nix/store/gpxl5qgg8kicmcvivwmybwjlpf7wh20l-graalvm17-ce-22.3.0/lib/libnet.so
Event: 4.901 Loaded shared library /home/runner/Nim-game/.cache/jdt-language-server/config/org.eclipse.equinox.launcher/org.eclipse.equinox.launcher.gtk.linux.x86_64_1.2.400.v20211117-0650/eclipse_11600.so
Event: 40.224 Loaded shared library /nix/store/gpxl5qgg8kicmcvivwmybwjlpf7wh20l-graalvm17-ce-22.3.0/lib/libextnet.so

Deoptimization events (20 events):
Event: 748.639 Thread 0x00007f7db063c8d0 DEOPT PACKING pc=0x00007f7e071d11a6 sp=0x00007f7dc65fe530
Event: 748.639 Thread 0x00007f7db063c8d0 DEOPT UNPACKING pc=0x00007f7dff505325 sp=0x00007f7dc65fda28 mode 3
Event: 767.145 Thread 0x00007f7e1837b9e0 Uncommon trap: trap_request=0xffffff8f fr.pc=0x00007f7e0707569e relative=0x00000000000000fe
Event: 767.145 Thread 0x00007f7e1837b9e0 Uncommon trap: reason=constraint action=none pc=0x00007f7e0707569e method=java.lang.StringBuilder.<init>()V @ 0 jvmci
Event: 767.145 Thread 0x00007f7e1837b9e0 DEOPT PACKING pc=0x00007f7e0707569e sp=0x00007f7dc61fe820
Event: 767.145 Thread 0x00007f7e1837b9e0 DEOPT UNPACKING pc=0x00007f7dff505325 sp=0x00007f7dc61fdcc8 mode 3
Event: 797.728 Thread 0x00007f7db063c8d0 Uncommon trap: trap_request=0xffffff8f fr.pc=0x00007f7e071dac14 relative=0x0000000000000274
Event: 797.728 Thread 0x00007f7db063c8d0 Uncommon trap: reason=constraint action=none pc=0x00007f7e071dac14 method=org.eclipse.jdt.internal.core.index.DiskIndex$IntList.add(I)V @ 0 jvmci
Event: 801.918 Thread 0x00007f7db063c8d0 DEOPT PACKING pc=0x00007f7e071dac14 sp=0x00007f7dc65fe500
Event: 801.918 Thread 0x00007f7db063c8d0 DEOPT UNPACKING pc=0x00007f7dff505325 sp=0x00007f7dc65fd9b0 mode 3
Event: 801.918 Thread 0x00007f7e1837b9e0 Uncommon trap: trap_request=0xffffff8f fr.pc=0x00007f7e06fe10fa relative=0x000000000000025a
Event: 801.918 Thread 0x00007f7e1837b9e0 Uncommon trap: reason=constraint action=none pc=0x00007f7e06fe10fa method=java.io.ByteArrayOutputStream.ensureCapacity(I)V @ 0 jvmci
Event: 801.918 Thread 0x00007f7e1837b9e0 DEOPT PACKING pc=0x00007f7e06fe10fa sp=0x00007f7dc61fe400
Event: 801.918 Thread 0x00007f7e1837b9e0 DEOPT UNPACKING pc=0x00007f7dff505325 sp=0x00007f7dc61fd898 mode 3
Event: 833.511 Thread 0x00007f7db063c8d0 Uncommon trap: trap_request=0xffffff8f fr.pc=0x00007f7e071dac14 relative=0x0000000000000274
Event: 833.511 Thread 0x00007f7db063c8d0 Uncommon trap: reason=constraint action=none pc=0x00007f7e071dac14 method=org.eclipse.jdt.internal.core.index.DiskIndex$IntList.add(I)V @ 0 jvmci
Event: 833.511 Thread 0x00007f7db063c8d0 DEOPT PACKING pc=0x00007f7e071dac14 sp=0x00007f7dc65fe500
Event: 833.511 Thread 0x00007f7db063c8d0 DEOPT UNPACKING pc=0x00007f7dff505325 sp=0x00007f7dc65fd9a0 mode 3
Event: 843.729 Thread 0x00007f7db063c8d0 DEOPT PACKING pc=0x00007f7e071d0b94 sp=0x00007f7dc65fe530
Event: 843.729 Thread 0x00007f7db063c8d0 DEOPT UNPACKING pc=0x00007f7dff505325 sp=0x00007f7dc65fda30 mode 1

Classes unloaded (20 events):
Event: 194.836 Thread 0x00007f7e180a1670 Unloading class 0x000000080111b400 'jdk/internal/reflect/GeneratedSerializationConstructorAccessor32'
Event: 194.836 Thread 0x00007f7e180a1670 Unloading class 0x000000080111b000 'jdk/internal/reflect/GeneratedSerializationConstructorAccessor31'
Event: 194.836 Thread 0x00007f7e180a1670 Unloading class 0x000000080111a000 'jdk/internal/reflect/GeneratedSerializationConstructorAccessor27'
Event: 194.836 Thread 0x00007f7e180a1670 Unloading class 0x0000000801113c00 'jdk/internal/reflect/GeneratedSerializationConstructorAccessor18'
Event: 194.836 Thread 0x00007f7e180a1670 Unloading class 0x0000000801112000 'jdk/internal/reflect/GeneratedSerializationConstructorAccessor14'
Event: 194.836 Thread 0x00007f7e180a1670 Unloading class 0x0000000801111c00 'jdk/internal/reflect/GeneratedSerializationConstructorAccessor13'
Event: 194.836 Thread 0x00007f7e180a1670 Unloading class 0x0000000801111800 'jdk/internal/reflect/GeneratedSerializationConstructorAccessor12'
Event: 194.836 Thread 0x00007f7e180a1670 Unloading class 0x0000000801111400 'jdk/internal/reflect/GeneratedMethodAccessor12'
Event: 194.836 Thread 0x00007f7e180a1670 Unloading class 0x0000000801111000 'jdk/internal/reflect/GeneratedMethodAccessor11'
Event: 194.836 Thread 0x00007f7e180a1670 Unloading class 0x0000000801110c00 'jdk/internal/reflect/GeneratedSerializationConstructorAccessor11'
Event: 194.836 Thread 0x00007f7e180a1670 Unloading class 0x0000000801110800 'jdk/internal/reflect/GeneratedSerializationConstructorAccessor10'
Event: 194.836 Thread 0x00007f7e180a1670 Unloading class 0x0000000801110400 'jdk/internal/reflect/GeneratedSerializationConstructorAccessor9'
Event: 194.836 Thread 0x00007f7e180a1670 Unloading class 0x0000000801110000 'jdk/internal/reflect/GeneratedSerializationConstructorAccessor8'
Event: 194.837 Thread 0x00007f7e180a1670 Unloading class 0x000000080101c000 'jdk/internal/reflect/GeneratedConstructorAccessor23'
Event: 194.837 Thread 0x00007f7e180a1670 Unloading class 0x0000000800fe8400 'jdk/internal/reflect/GeneratedSerializationConstructorAccessor2'
Event: 194.837 Thread 0x00007f7e180a1670 Unloading class 0x0000000800fe8000 'jdk/internal/reflect/GeneratedSerializationConstructorAccessor1'
Event: 206.327 Thread 0x00007f7e180a1670 Unloading class 0x0000000801044c00 'jdk/internal/reflect/GeneratedMethodAccessor10'
Event: 206.327 Thread 0x00007f7e180a1670 Unloading class 0x0000000801044800 'jdk/internal/reflect/GeneratedMethodAccessor9'
Event: 206.327 Thread 0x00007f7e180a1670 Unloading class 0x0000000801044400 'jdk/internal/reflect/GeneratedMethodAccessor8'
Event: 206.328 Thread 0x00007f7e180a1670 Unloading class 0x0000000801044000 'jdk/internal/reflect/GeneratedMethodAccessor7'

Classes redefined (0 events):
No events

Internal exceptions (20 events):
Event: 748.639 Thread 0x00007f7db063c8d0 Exception <a 'java/lang/OutOfMemoryError'{0x00000000e00bd010}> (0x00000000e00bd010) 
thrown [src/hotspot/share/gc/shared/memAllocator.cpp, line 138]
Event: 748.639 Thread 0x00007f7db063c8d0 Implicit null exception at 0x00007f7e071d0bf3 to 0x00007f7e071d118b
Event: 754.962 Thread 0x00007f7e1837b9e0 Exception <a 'java/lang/OutOfMemoryError'{0x00000000e00bd330}> (0x00000000e00bd330) 
thrown [src/hotspot/share/gc/shared/memAllocator.cpp, line 136]
Event: 760.828 Thread 0x00007f7e1837b9e0 Exception <a 'java/lang/OutOfMemoryError'{0x00000000e00bd330}> (0x00000000e00bd330) 
thrown [src/hotspot/share/gc/shared/memAllocator.cpp, line 136]
Event: 767.144 Thread 0x00007f7e1837b9e0 Exception <a 'java/lang/OutOfMemoryError'{0x00000000e00bd010}> (0x00000000e00bd010) 
thrown [src/hotspot/share/gc/shared/memAllocator.cpp, line 138]
Event: 767.145 Thread 0x00007f7e1837b9e0 Implicit null exception at 0x00007f7e0707567c to 0x00007f7e07075683
Event: 773.105 Thread 0x00007f7e182fdc40 Exception <a 'java/lang/OutOfMemoryError'{0x00000000e00bd330}> (0x00000000e00bd330) 
thrown [src/hotspot/share/gc/shared/memAllocator.cpp, line 136]
Event: 779.412 Thread 0x00007f7e182fdc40 Exception <a 'java/lang/OutOfMemoryError'{0x00000000e00bd330}> (0x00000000e00bd330) 
thrown [src/hotspot/share/gc/shared/memAllocator.cpp, line 136]
Event: 785.620 Thread 0x00007f7e182fdc40 Exception <a 'java/lang/OutOfMemoryError'{0x00000000e00bd330}> (0x00000000e00bd330) 
thrown [src/hotspot/share/gc/shared/memAllocator.cpp, line 136]
Event: 797.728 Thread 0x00007f7db063c8d0 Exception <a 'java/lang/OutOfMemoryError'{0x00000000e00bd010}> (0x00000000e00bd010) 
thrown [src/hotspot/share/gc/shared/memAllocator.cpp, line 138]
Event: 797.728 Thread 0x00007f7db063c8d0 Implicit null exception at 0x00007f7e071dab6d to 0x00007f7e071dabf9
Event: 801.918 Thread 0x00007f7e1837b9e0 Exception <a 'java/lang/OutOfMemoryError'{0x00000000e00bd010}> (0x00000000e00bd010) 
thrown [src/hotspot/share/gc/shared/memAllocator.cpp, line 138]
Event: 801.918 Thread 0x00007f7e1837b9e0 Implicit null exception at 0x00007f7e06fe1053 to 0x00007f7e06fe10df
Event: 806.972 Thread 0x00007f7e1837b9e0 Exception <a 'java/lang/OutOfMemoryError'{0x00000000e00bd330}> (0x00000000e00bd330) 
thrown [src/hotspot/share/gc/shared/memAllocator.cpp, line 136]
Event: 812.103 Thread 0x00007f7e1837b9e0 Exception <a 'java/lang/OutOfMemoryError'{0x00000000e00bd330}> (0x00000000e00bd330) 
thrown [src/hotspot/share/gc/shared/memAllocator.cpp, line 136]
Event: 815.911 Thread 0x00007f7e1837b9e0 Exception <a 'java/lang/OutOfMemoryError'{0x00000000e00bd330}> (0x00000000e00bd330) 
thrown [src/hotspot/share/gc/shared/memAllocator.cpp, line 136]
Event: 833.511 Thread 0x00007f7db063c8d0 Exception <a 'java/lang/OutOfMemoryError'{0x00000000e00bd010}> (0x00000000e00bd010) 
thrown [src/hotspot/share/gc/shared/memAllocator.cpp, line 138]
Event: 833.511 Thread 0x00007f7db063c8d0 Implicit null exception at 0x00007f7e071dab6d to 0x00007f7e071dabf9
Event: 843.729 Thread 0x00007f7db063c8d0 Exception <a 'java/lang/OutOfMemoryError'{0x00000000e00bd330}> (0x00000000e00bd330) 
thrown [src/hotspot/share/gc/shared/memAllocator.cpp, line 136]
Event: 862.005 Thread 0x00007f7e180b1c30 Exception <a 'java/lang/OutOfMemoryError'{0x00000000e00bd330}> (0x00000000e00bd330) 
thrown [src/hotspot/share/gc/shared/memAllocator.cpp, line 136]

VM Operations (20 events):
Event: 837.615 Executing VM operation: ParallelGCFailedAllocation
Event: 839.899 Executing VM operation: ParallelGCFailedAllocation done
Event: 839.899 Executing VM operation: ParallelGCFailedAllocation
Event: 843.729 Executing VM operation: ParallelGCFailedAllocation done
Event: 843.794 Executing VM operation: ParallelGCFailedAllocation
Event: 845.858 Executing VM operation: ParallelGCFailedAllocation done
Event: 845.860 Executing VM operation: ParallelGCFailedAllocation
Event: 848.375 Executing VM operation: ParallelGCFailedAllocation done
Event: 848.375 Executing VM operation: ParallelGCFailedAllocation
Event: 850.449 Executing VM operation: ParallelGCFailedAllocation done
Event: 850.449 Executing VM operation: ParallelGCFailedAllocation
Event: 852.535 Executing VM operation: ParallelGCFailedAllocation done
Event: 852.535 Executing VM operation: ParallelGCFailedAllocation
Event: 854.531 Executing VM operation: ParallelGCFailedAllocation done
Event: 854.531 Executing VM operation: ParallelGCFailedAllocation
Event: 856.399 Executing VM operation: ParallelGCFailedAllocation done
Event: 856.399 Executing VM operation: ParallelGCFailedAllocation
Event: 858.334 Executing VM operation: ParallelGCFailedAllocation done
Event: 858.335 Executing VM operation: ParallelGCFailedAllocation
Event: 862.005 Executing VM operation: ParallelGCFailedAllocation done

Events (20 events):
Event: 169.329 loading class sun/nio/ch/ExtendedSocketOption done
Event: 169.329 loading class sun/nio/ch/ExtendedSocketOption$1
Event: 169.330 loading class sun/nio/ch/ExtendedSocketOption$1 done
Event: 169.330 loading class sun/security/ssl/Alert
Event: 169.330 loading class sun/security/ssl/Alert done
Event: 171.602 loading class sun/security/ssl/Alert$AlertConsumer
Event: 171.603 loading class sun/security/ssl/Alert$AlertConsumer done
Event: 171.603 loading class sun/security/ssl/Alert$Level
Event: 171.603 loading class sun/security/ssl/Alert$Level done
Event: 173.831 loading class java/net/SocketException
Event: 173.831 loading class java/net/SocketException done
Event: 173.832 Thread 0x00007f7d6c001dd0 Thread exited: 0x00007f7d6c001dd0
Event: 173.832 Thread 0x00007f7d882def80 Thread exited: 0x00007f7d882def80
Event: 416.558 Thread 0x00007f7d882df780 Thread exited: 0x00007f7d882df780
Event: 785.621 Thread 0x00007f7e182fdc40 Thread exited: 0x00007f7e182fdc40
Event: 806.972 loading class java/io/InterruptedIOException
Event: 812.103 loading class java/io/InterruptedIOException done
Event: 812.103 loading class java/io/InterruptedIOException
Event: 815.911 loading class java/io/InterruptedIOException done
Event: 815.911 Thread 0x00007f7e1837b9e0 Thread exited: 0x00007f7e1837b9e0


Dynamic libraries:
e0000000-ef400000 rw-p 00000000 00:00 0 
ef400000-f8800000 rw-p 00000000 00:00 0 
f8800000-100000000 ---p 00000000 00:00 0 
800000000-800449000 rw-p 00001000 00:54b 707969865                       /nix/store/gpxl5qgg8kicmcvivwmybwjlpf7wh20l-graalvm17-ce-22.3.0/lib/server/classes.jsa
800449000-800bc8000 r--p 0044a000 00:54b 707969865                       /nix/store/gpxl5qgg8kicmcvivwmybwjlpf7wh20l-graalvm17-ce-22.3.0/lib/server/classes.jsa
800bc8000-800c00000 ---p 00000000 00:00 0 
800c00000-800c10000 rw-p 00000000 00:00 0 
800c10000-800c30000 rw-p 00000000 00:00 0 
800c30000-800cb0000 rw-p 00000000 00:00 0 
800cb0000-800cf0000 rw-p 00000000 00:00 0 
800cf0000-800db0000 rw-p 00000000 00:00 0 
800db0000-800df0000 rw-p 00000000 00:00 0 
800df0000-801050000 rw-p 00000000 00:00 0 
801050000-801070000 rw-p 00000000 00:00 0 
801070000-8010b0000 rw-p 00000000 00:00 0 
8010b0000-8011c0000 rw-p 00000000 00:00 0 
8011c0000-840c00000 ---p 00000000 00:00 0 
55aafce72000-55aafce73000 r-xp 00000000 00:54b 672029940                 /nix/store/gpxl5qgg8kicmcvivwmybwjlpf7wh20l-graalvm17-ce-22.3.0/bin/.java-wrapped
55aafce74000-55aafce75000 r--p 00001000 00:54b 672029940                 /nix/store/gpxl5qgg8kicmcvivwmybwjlpf7wh20l-graalvm17-ce-22.3.0/bin/.java-wrapped
55aafce75000-55aafce76000 rw-p 00002000 00:54b 672029940                 /nix/store/gpxl5qgg8kicmcvivwmybwjlpf7wh20l-graalvm17-ce-22.3.0/bin/.java-wrapped
55aafce76000-55aafce77000 rw-p 00004000 00:54b 672029940                 /nix/store/gpxl5qgg8kicmcvivwmybwjlpf7wh20l-graalvm17-ce-22.3.0/bin/.java-wrapped
55aafce77000-55aafce78000 rw-p 00005000 00:54b 672029940                 /nix/store/gpxl5qgg8kicmcvivwmybwjlpf7wh20l-graalvm17-ce-22.3.0/bin/.java-wrapped
55aafdeba000-55aafdf02000 rw-p 00000000 00:00 0                          [heap]
7f7d5c000000-7f7d5c021000 rw-p 00000000 00:00 0 
7f7d5c021000-7f7d60000000 ---p 00000000 00:00 0 
7f7d60000000-7f7d60021000 rw-p 00000000 00:00 0 
7f7d60021000-7f7d64000000 ---p 00000000 00:00 0 
7f7d64000000-7f7d64021000 rw-p 00000000 00:00 0 
7f7d64021000-7f7d68000000 ---p 00000000 00:00 0 
7f7d68000000-7f7d68021000 rw-p 00000000 00:00 0 
7f7d68021000-7f7d6c000000 ---p 00000000 00:00 0 
7f7d6c000000-7f7d6c021000 rw-p 00000000 00:00 0 
7f7d6c021000-7f7d70000000 ---p 00000000 00:00 0 
7f7d70000000-7f7d70021000 rw-p 00000000 00:00 0 
7f7d70021000-7f7d74000000 ---p 00000000 00:00 0 
7f7d74000000-7f7d74021000 rw-p 00000000 00:00 0 
7f7d74021000-7f7d78000000 ---p 00000000 00:00 0 
7f7d79400000-7f7d795b0000 rw-p 00000000 00:00 0 
7f7d795b0000-7f7d79c00000 ---p 00000000 00:00 0 
7f7d79c00000-7f7d79c90000 rw-p 00000000 00:00 0 
7f7d79c90000-7f7d79d00000 ---p 00000000 00:00 0 
7f7d79d00000-7f7d79fd0000 rw-p 00000000 00:00 0 
7f7d79fd0000-7f7d7a400000 rw-p 00000000 00:00 0 
7f7d7a4b3000-7f7d84000000 r--s 00000000 00:54b 707804677                 /nix/store/gpxl5qgg8kicmcvivwmybwjlpf7wh20l-graalvm17-ce-22.3.0/lib/modules
7f7d84000000-7f7d8419c000 rw-p 00000000 00:00 0 
7f7d8419c000-7f7d88000000 ---p 00000000 00:00 0 
7f7d88000000-7f7d88516000 rw-p 00000000 00:00 0 
7f7d88516000-7f7d8c000000 ---p 00000000 00:00 0 
7f7d8c000000-7f7d8c021000 rw-p 00000000 00:00 0 
7f7d8c021000-7f7d90000000 ---p 00000000 00:00 0 
7f7d90000000-7f7d9003e000 rw-p 00000000 00:00 0 
7f7d9003e000-7f7d94000000 ---p 00000000 00:00 0 
7f7d94000000-7f7d94074000 rw-p 00000000 00:00 0 
7f7d94074000-7f7d98000000 ---p 00000000 00:00 0 
7f7d98000000-7f7d98021000 rw-p 00000000 00:00 0 
7f7d98021000-7f7d9c000000 ---p 00000000 00:00 0 
7f7d9c000000-7f7d9c032000 rw-p 00000000 00:00 0 
7f7d9c032000-7f7da0000000 ---p 00000000 00:00 0 
7f7da0000000-7f7da0421000 rw-p 00000000 00:00 0 
7f7da0421000-7f7da4000000 ---p 00000000 00:00 0 
7f7da4000000-7f7da4025000 rw-p 00000000 00:00 0 
7f7da4025000-7f7da8000000 ---p 00000000 00:00 0 
7f7da8000000-7f7da8021000 rw-p 00000000 00:00 0 
7f7da8021000-7f7dac000000 ---p 00000000 00:00 0 
7f7dac000000-7f7dac021000 rw-p 00000000 00:00 0 
7f7dac021000-7f7db0000000 ---p 00000000 00:00 0 
7f7db0000000-7f7db08b3000 rw-p 00000000 00:00 0 
7f7db08b3000-7f7db4000000 ---p 00000000 00:00 0 
7f7db4c00000-7f7db4cf0000 rw-p 00000000 00:00 0 
7f7db4cf0000-7f7db4df0000 rw-p 00000000 00:00 0 
7f7db4df0000-7f7db50f0000 rw-p 00000000 00:00 0 
7f7db50f0000-7f7db51f0000 rw-p 00000000 00:00 0 
7f7db51f0000-7f7db5270000 rw-p 00000000 00:00 0 
7f7db5270000-7f7db52f0000 rw-p 00000000 00:00 0 
7f7db52f0000-7f7db53f0000 rw-p 00000000 00:00 0 
7f7db53f0000-7f7db5c00000 rw-p 00000000 00:00 0 
7f7db6800000-7f7db6970000 rw-p 00000000 00:00 0 
7f7db6970000-7f7db69f0000 rw-p 00000000 00:00 0 
7f7db69f0000-7f7db6ef0000 rw-p 00000000 00:00 0 
7f7db6ef0000-7f7db6ff0000 rw-p 00000000 00:00 0 
7f7db6ff0000-7f7db7000000 rw-p 00000000 00:00 0 
7f7db7400000-7f7db74f0000 rw-p 00000000 00:00 0 
7f7db74f0000-7f7db75f0000 rw-p 00000000 00:00 0 
7f7db75f0000-7f7db7af0000 rw-p 00000000 00:00 0 
7f7db7af0000-7f7db7c00000 rw-p 00000000 00:00 0 
7f7db7c00000-7f7db7c10000 r-xp 00000000 00:542 310                       /home/runner/Nim-game/.cache/jdt-language-server/config/org.eclipse.equinox.launcher/org.eclipse.equinox.launcher.gtk.linux.x86_64_1.2.400.v20211117-0650/eclipse_11600.so
7f7db7c10000-7f7db7e0f000 ---p 00010000 00:542 310                       /home/runner/Nim-game/.cache/jdt-language-server/config/org.eclipse.equinox.launcher/org.eclipse.equinox.launcher.gtk.linux.x86_64_1.2.400.v20211117-0650/eclipse_11600.so
7f7db7e0f000-7f7db7e10000 r--p 0000f000 00:542 310                       /home/runner/Nim-game/.cache/jdt-language-server/config/org.eclipse.equinox.launcher/org.eclipse.equinox.launcher.gtk.linux.x86_64_1.2.400.v20211117-0650/eclipse_11600.so
7f7db7e10000-7f7db7e11000 rw-p 00010000 00:542 310                       /home/runner/Nim-game/.cache/jdt-language-server/config/org.eclipse.equinox.launcher/org.eclipse.equinox.launcher.gtk.linux.x86_64_1.2.400.v20211117-0650/eclipse_11600.so
7f7db8000000-7f7db8021000 rw-p 00000000 00:00 0 
7f7db8021000-7f7dbc000000 ---p 00000000 00:00 0 
7f7dbc000000-7f7dbc021000 rw-p 00000000 00:00 0 
7f7dbc021000-7f7dc0000000 ---p 00000000 00:00 0 
7f7dc0000000-7f7dc0021000 rw-p 00000000 00:00 0 
7f7dc0021000-7f7dc4000000 ---p 00000000 00:00 0 
7f7dc4100000-7f7dc4200000 ---p 00000000 00:00 0 
7f7dc4200000-7f7dc47af000 r--p 01122000 00:54b 707802136                 /nix/store/gpxl5qgg8kicmcvivwmybwjlpf7wh20l-graalvm17-ce-22.3.0/lib/libjvmcicompiler.so
7f7dc47af000-7f7dc4900000 r--p 00000000 00:00 0 
7f7dc4900000-7f7dc493d000 rw-p 00000000 00:00 0 
7f7dc493d000-7f7dc4e5d000 rw-p 0185f000 00:54b 707802136                 /nix/store/gpxl5qgg8kicmcvivwmybwjlpf7wh20l-graalvm17-ce-22.3.0/lib/libjvmcicompiler.so
7f7dc4e5d000-7f7dc5244000 r--p 01d7f000 00:54b 707802136                 /nix/store/gpxl5qgg8kicmcvivwmybwjlpf7wh20l-graalvm17-ce-22.3.0/lib/libjvmcicompiler.so
7f7dc5300000-7f7dc5304000 ---p 00000000 00:00 0 
7f7dc5304000-7f7dc5400000 rw-p 00000000 00:00 0 
7f7dc5500000-7f7dc5504000 ---p 00000000 00:00 0 
7f7dc5504000-7f7dc5600000 rw-p 00000000 00:00 0 
7f7dc5700000-7f7dc5704000 ---p 00000000 00:00 0 
7f7dc5704000-7f7dc5800000 rw-p 00000000 00:00 0 
7f7dc5800000-7f7dc5804000 ---p 00000000 00:00 0 
7f7dc5804000-7f7dc5900000 rw-p 00000000 00:00 0 
7f7dc5900000-7f7dc5904000 ---p 00000000 00:00 0 
7f7dc5904000-7f7dc5a00000 rw-p 00000000 00:00 0 
7f7dc5b00000-7f7dc5b04000 ---p 00000000 00:00 0 
7f7dc5b04000-7f7dc5c00000 rw-p 00000000 00:00 0 
7f7dc5d00000-7f7dc5d04000 ---p 00000000 00:00 0 
7f7dc5d04000-7f7dc5e00000 rw-p 00000000 00:00 0 
7f7dc5e00000-7f7dc5e04000 ---p 00000000 00:00 0 
7f7dc5e04000-7f7dc5f00000 rw-p 00000000 00:00 0 
7f7dc5f00000-7f7dc5f04000 ---p 00000000 00:00 0 
7f7dc5f04000-7f7dc6000000 rw-p 00000000 00:00 0 
7f7dc6100000-7f7dc6104000 ---p 00000000 00:00 0 
7f7dc6104000-7f7dc6200000 rw-p 00000000 00:00 0 
7f7dc6300000-7f7dc6304000 ---p 00000000 00:00 0 
7f7dc6304000-7f7dc6400000 rw-p 00000000 00:00 0 
7f7dc6500000-7f7dc6504000 ---p 00000000 00:00 0 
7f7dc6504000-7f7dc6600000 rw-p 00000000 00:00 0 
7f7dc6700000-7f7dc6704000 ---p 00000000 00:00 0 
7f7dc6704000-7f7dc6800000 rw-p 00000000 00:00 0 
7f7dc6800000-7f7dc6804000 ---p 00000000 00:00 0 
7f7dc6804000-7f7dc6900000 rw-p 00000000 00:00 0 
7f7dc6900000-7f7dc6904000 ---p 00000000 00:00 0 
7f7dc6904000-7f7dc6a00000 rw-p 00000000 00:00 0 
7f7dc6b00000-7f7dc6b04000 ---p 00000000 00:00 0 
7f7dc6b04000-7f7dc6c00000 rw-p 00000000 00:00 0 
7f7dc6d00000-7f7dc6d04000 ---p 00000000 00:00 0 
7f7dc6d04000-7f7dc6e00000 rw-p 00000000 00:00 0 
7f7dc7a68000-7f7dc7f00000 rw-p 00000000 00:00 0 
7f7dc8000000-7f7dc8021000 rw-p 00000000 00:00 0 
7f7dc8021000-7f7dcc000000 ---p 00000000 00:00 0 
7f7dcc000000-7f7dcc021000 rw-p 00000000 00:00 0 
7f7dcc021000-7f7dd0000000 ---p 00000000 00:00 0 
7f7dd0000000-7f7dd0021000 rw-p 00000000 00:00 0 
7f7dd0021000-7f7dd4000000 ---p 00000000 00:00 0 
7f7dd4000000-7f7dd4021000 rw-p 00000000 00:00 0 
7f7dd4021000-7f7dd8000000 ---p 00000000 00:00 0 
7f7dd8000000-7f7dd80f0000 rw-p 00000000 00:00 0 
7f7dd80f0000-7f7ddc000000 ---p 00000000 00:00 0 
7f7ddc000000-7f7ddcb11000 rw-p 00000000 00:00 0 
7f7ddcb11000-7f7de0000000 ---p 00000000 00:00 0 
7f7de0000000-7f7de0021000 rw-p 00000000 00:00 0 
7f7de0021000-7f7de4000000 ---p 00000000 00:00 0 
7f7de4000000-7f7de4021000 rw-p 00000000 00:00 0 
7f7de4021000-7f7de8000000 ---p 00000000 00:00 0 
7f7de8000000-7f7de8021000 rw-p 00000000 00:00 0 
7f7de8021000-7f7dec000000 ---p 00000000 00:00 0 
7f7dec000000-7f7dec021000 rw-p 00000000 00:00 0 
7f7dec021000-7f7df0000000 ---p 00000000 00:00 0 
7f7df0000000-7f7df0021000 rw-p 00000000 00:00 0 
7f7df0021000-7f7df4000000 ---p 00000000 00:00 0 
7f7df4000000-7f7df4021000 rw-p 00000000 00:00 0 
7f7df4021000-7f7df8000000 ---p 00000000 00:00 0 
7f7df8000000-7f7df8065000 rw-p 00000000 00:00 0 
7f7df8065000-7f7dfc000000 ---p 00000000 00:00 0 
7f7dfc100000-7f7dfc104000 ---p 00000000 00:00 0 
7f7dfc104000-7f7dfc200000 rw-p 00000000 00:00 0 
7f7dfc300000-7f7dfc304000 ---p 00000000 00:00 0 
7f7dfc304000-7f7dfc400000 rw-p 00000000 00:00 0 
7f7dfc500000-7f7dfc504000 ---p 00000000 00:00 0 
7f7dfc504000-7f7dfc600000 rw-p 00000000 00:00 0 
7f7dfc700000-7f7dfc704000 ---p 00000000 00:00 0 
7f7dfc704000-7f7dfc800000 rw-p 00000000 00:00 0 
7f7dfc800000-7f7dfe96a000 r-xp 00000000 00:54b 707802136                 /nix/store/gpxl5qgg8kicmcvivwmybwjlpf7wh20l-graalvm17-ce-22.3.0/lib/libjvmcicompiler.so
7f7dfe96a000-7f7dfeb69000 ---p 0216a000 00:54b 707802136                 /nix/store/gpxl5qgg8kicmcvivwmybwjlpf7wh20l-graalvm17-ce-22.3.0/lib/libjvmcicompiler.so
7f7dfeb69000-7f7dfeb6a000 r--p 02169000 00:54b 707802136                 /nix/store/gpxl5qgg8kicmcvivwmybwjlpf7wh20l-graalvm17-ce-22.3.0/lib/libjvmcicompiler.so
7f7dfeb6a000-7f7dfeb6c000 rw-p 0216a000 00:54b 707802136                 /nix/store/gpxl5qgg8kicmcvivwmybwjlpf7wh20l-graalvm17-ce-22.3.0/lib/libjvmcicompiler.so
7f7dfeb6c000-7f7dfeb6d000 rw-p 00000000 00:00 0 
7f7dfeb6d000-7f7dfeb72000 rw-p 023c3000 00:54b 707802136                 /nix/store/gpxl5qgg8kicmcvivwmybwjlpf7wh20l-graalvm17-ce-22.3.0/lib/libjvmcicompiler.so
7f7dfebb1000-7f7dfebb2000 ---p 00000000 00:00 0 
7f7dfebb2000-7f7dfecb3000 rw-p 00000000 00:00 0 
7f7dfecb3000-7f7dfecb7000 ---p 00000000 00:00 0 
7f7dfecb7000-7f7dfedb3000 rw-p 00000000 00:00 0 
7f7dfedb3000-7f7dfedb7000 ---p 00000000 00:00 0 
7f7dfedb7000-7f7dfeeb3000 rw-p 00000000 00:00 0 
7f7dfeeb3000-7f7dfeeb7000 ---p 00000000 00:00 0 
7f7dfeeb7000-7f7dfefb3000 rw-p 00000000 00:00 0 
7f7dfefb3000-7f7dfefb7000 ---p 00000000 00:00 0 
7f7dfefb7000-7f7dff1b3000 rw-p 00000000 00:00 0 
7f7dff1b3000-7f7dff1b7000 ---p 00000000 00:00 0 
7f7dff1b7000-7f7dff3b3000 rw-p 00000000 00:00 0 
7f7dff3b3000-7f7dff3b7000 ---p 00000000 00:00 0 
7f7dff3b7000-7f7dff4b3000 rw-p 00000000 00:00 0 
7f7dff4b3000-7f7dff723000 rwxp 00000000 00:00 0 
7f7dff723000-7f7dffa42000 ---p 00000000 00:00 0 
7f7dffa42000-7f7e008d2000 rwxp 00000000 00:00 0 
7f7e008d2000-7f7e06f7a000 ---p 00000000 00:00 0 
7f7e06f7a000-7f7e071ea000 rwxp 00000000 00:00 0 
7f7e071ea000-7f7e0e4b3000 ---p 00000000 00:00 0 
7f7e0e4b3000-7f7e18000000 r--s 00000000 00:54b 707804677                 /nix/store/gpxl5qgg8kicmcvivwmybwjlpf7wh20l-graalvm17-ce-22.3.0/lib/modules
7f7e18000000-7f7e18471000 rw-p 00000000 00:00 0 
7f7e18471000-7f7e1c000000 ---p 00000000 00:00 0 
7f7e1c018000-7f7e1c01c000 ---p 00000000 00:00 0 
7f7e1c01c000-7f7e1c118000 rw-p 00000000 00:00 0 
7f7e1c118000-7f7e1c11c000 ---p 00000000 00:00 0 
7f7e1c11c000-7f7e1c218000 rw-p 00000000 00:00 0 
7f7e1c218000-7f7e1c4fe000 r--p 00000000 00:5b 28444448                   /usr/lib/locale/locale-archive
7f7e1c4fe000-7f7e1c502000 ---p 00000000 00:00 0 
7f7e1c502000-7f7e1c5fe000 rw-p 00000000 00:00 0 
7f7e1c5fe000-7f7e1c602000 ---p 00000000 00:00 0 
7f7e1c602000-7f7e1c6fe000 rw-p 00000000 00:00 0 
7f7e1c6fe000-7f7e1c6ff000 ---p 00000000 00:00 0 
7f7e1c6ff000-7f7e1cbf0000 rw-p 00000000 00:00 0 
7f7e1cbf0000-7f7e1cef0000 rw-p 00000000 00:00 0 
7f7e1cef0000-7f7e1d000000 rw-p 00000000 00:00 0 
7f7e1d07e000-7f7e1d080000 r-xp 00000000 00:54b 707802113                 /nix/store/gpxl5qgg8kicmcvivwmybwjlpf7wh20l-graalvm17-ce-22.3.0/lib/libextnet.so
7f7e1d080000-7f7e1d081000 r--p 00001000 00:54b 707802113                 /nix/store/gpxl5qgg8kicmcvivwmybwjlpf7wh20l-graalvm17-ce-22.3.0/lib/libextnet.so
7f7e1d081000-7f7e1d082000 rw-p 00002000 00:54b 707802113                 /nix/store/gpxl5qgg8kicmcvivwmybwjlpf7wh20l-graalvm17-ce-22.3.0/lib/libextnet.so
7f7e1d082000-7f7e1d083000 rw-p 00004000 00:54b 707802113                 /nix/store/gpxl5qgg8kicmcvivwmybwjlpf7wh20l-graalvm17-ce-22.3.0/lib/libextnet.so
7f7e1d083000-7f7e1d087000 ---p 00000000 00:00 0 
7f7e1d087000-7f7e1d0a5000 rw-p 00000000 00:00 0 
7f7e1d0a5000-7f7e1d0ac000 r-xp 00000000 00:54b 707804676                 /nix/store/gpxl5qgg8kicmcvivwmybwjlpf7wh20l-graalvm17-ce-22.3.0/lib/libzip.so
7f7e1d0ac000-7f7e1d0ad000 ---p 00007000 00:54b 707804676                 /nix/store/gpxl5qgg8kicmcvivwmybwjlpf7wh20l-graalvm17-ce-22.3.0/lib/libzip.so
7f7e1d0ad000-7f7e1d0ae000 r--p 00007000 00:54b 707804676                 /nix/store/gpxl5qgg8kicmcvivwmybwjlpf7wh20l-graalvm17-ce-22.3.0/lib/libzip.so
7f7e1d0ae000-7f7e1d0af000 rw-p 00008000 00:54b 707804676                 /nix/store/gpxl5qgg8kicmcvivwmybwjlpf7wh20l-graalvm17-ce-22.3.0/lib/libzip.so
7f7e1d0af000-7f7e1d0b1000 rw-p 0000b000 00:54b 707804676                 /nix/store/gpxl5qgg8kicmcvivwmybwjlpf7wh20l-graalvm17-ce-22.3.0/lib/libzip.so
7f7e1d0b1000-7f7e1d0c6000 r-xp 00000000 00:54b 707804666                 /nix/store/gpxl5qgg8kicmcvivwmybwjlpf7wh20l-graalvm17-ce-22.3.0/lib/libnet.so
7f7e1d0c6000-7f7e1d0c7000 ---p 00015000 00:54b 707804666                 /nix/store/gpxl5qgg8kicmcvivwmybwjlpf7wh20l-graalvm17-ce-22.3.0/lib/libnet.so
7f7e1d0c7000-7f7e1d0c8000 r--p 00015000 00:54b 707804666                 /nix/store/gpxl5qgg8kicmcvivwmybwjlpf7wh20l-graalvm17-ce-22.3.0/lib/libnet.so
7f7e1d0c8000-7f7e1d0c9000 rw-p 00016000 00:54b 707804666                 /nix/store/gpxl5qgg8kicmcvivwmybwjlpf7wh20l-graalvm17-ce-22.3.0/lib/libnet.so
7f7e1d0c9000-7f7e1d0cc000 rw-p 0001b000 00:54b 707804666                 /nix/store/gpxl5qgg8kicmcvivwmybwjlpf7wh20l-graalvm17-ce-22.3.0/lib/libnet.so
7f7e1d0cc000-7f7e1d0df000 r-xp 00000000 00:54b 707804667                 /nix/store/gpxl5qgg8kicmcvivwmybwjlpf7wh20l-graalvm17-ce-22.3.0/lib/libnio.so
7f7e1d0df000-7f7e1d0e0000 r--p 00012000 00:54b 707804667                 /nix/store/gpxl5qgg8kicmcvivwmybwjlpf7wh20l-graalvm17-ce-22.3.0/lib/libnio.so
7f7e1d0e0000-7f7e1d0e1000 rw-p 00013000 00:54b 707804667                 /nix/store/gpxl5qgg8kicmcvivwmybwjlpf7wh20l-graalvm17-ce-22.3.0/lib/libnio.so
7f7e1d0e1000-7f7e1d0e6000 rw-p 00019000 00:54b 707804667                 /nix/store/gpxl5qgg8kicmcvivwmybwjlpf7wh20l-graalvm17-ce-22.3.0/lib/libnio.so
7f7e1d0e6000-7f7e1d1b4000 r-xp 00000000 00:54b 707802132                 /nix/store/gpxl5qgg8kicmcvivwmybwjlpf7wh20l-graalvm17-ce-22.3.0/lib/libjsvml.so
7f7e1d1b4000-7f7e1d1b5000 r--p 000cd000 00:54b 707802132                 /nix/store/gpxl5qgg8kicmcvivwmybwjlpf7wh20l-graalvm17-ce-22.3.0/lib/libjsvml.so
7f7e1d1b5000-7f7e1d1b6000 rw-p 000ce000 00:54b 707802132                 /nix/store/gpxl5qgg8kicmcvivwmybwjlpf7wh20l-graalvm17-ce-22.3.0/lib/libjsvml.so
7f7e1d1b6000-7f7e1ea8e000 rw-p 00000000 00:00 0 
7f7e1ea8e000-7f7e1ea8f000 ---p 00000000 00:00 0 
7f7e1ea8f000-7f7e1ec0a000 rw-p 00000000 00:00 0 
7f7e1ec0a000-7f7e1ec54000 rw-p 00000000 00:00 0 
7f7e1ec54000-7f7e1ec90000 ---p 00000000 00:00 0 
7f7e1ec90000-7f7e1ec96000 rw-p 00000000 00:00 0 
7f7e1ec96000-7f7e1ed7c000 ---p 00000000 00:00 0 
7f7e1ed7c000-7f7e1ed9a000 rw-p 00000000 00:00 0 
7f7e1ed9a000-7f7e1ee67000 ---p 00000000 00:00 0 
7f7e1ee67000-7f7e1ee6c000 rw-p 00000000 00:00 0 
7f7e1ee6c000-7f7e1ee73000 ---p 00000000 00:00 0 
7f7e1ee73000-7f7e1ee97000 r-xp 00000000 00:54b 707802124                 /nix/store/gpxl5qgg8kicmcvivwmybwjlpf7wh20l-graalvm17-ce-22.3.0/lib/libjava.so
7f7e1ee97000-7f7e1ee98000 ---p 00024000 00:54b 707802124                 /nix/store/gpxl5qgg8kicmcvivwmybwjlpf7wh20l-graalvm17-ce-22.3.0/lib/libjava.so
7f7e1ee98000-7f7e1ee99000 r--p 00024000 00:54b 707802124                 /nix/store/gpxl5qgg8kicmcvivwmybwjlpf7wh20l-graalvm17-ce-22.3.0/lib/libjava.so
7f7e1ee99000-7f7e1ee9a000 rw-p 00025000 00:54b 707802124                 /nix/store/gpxl5qgg8kicmcvivwmybwjlpf7wh20l-graalvm17-ce-22.3.0/lib/libjava.so
7f7e1ee9a000-7f7e1ee9b000 rw-p 00000000 00:00 0 
7f7e1ee9b000-7f7e1eea2000 rw-p 0002f000 00:54b 707802124                 /nix/store/gpxl5qgg8kicmcvivwmybwjlpf7wh20l-graalvm17-ce-22.3.0/lib/libjava.so
7f7e1eea2000-7f7e1eeaa000 rw-s 00000000 00:3b 390                        /tmp/hsperfdata_runner/30
7f7e1eeaa000-7f7e1eeab000 ---p 00000000 00:00 0 
7f7e1eeab000-7f7e1eeac000 r--p 00000000 00:00 0 
7f7e1eeac000-7f7e1eead000 rwxp 00000000 00:00 0 
7f7e1eead000-7f7e1eec8000 r-xp 00000000 00:54b 707802128                 /nix/store/gpxl5qgg8kicmcvivwmybwjlpf7wh20l-graalvm17-ce-22.3.0/lib/libjimage.so
7f7e1eec8000-7f7e1eec9000 ---p 0001b000 00:54b 707802128                 /nix/store/gpxl5qgg8kicmcvivwmybwjlpf7wh20l-graalvm17-ce-22.3.0/lib/libjimage.so
7f7e1eec9000-7f7e1eecb000 r--p 0001b000 00:54b 707802128                 /nix/store/gpxl5qgg8kicmcvivwmybwjlpf7wh20l-graalvm17-ce-22.3.0/lib/libjimage.so
7f7e1eecb000-7f7e1eecc000 rw-p 0001d000 00:54b 707802128                 /nix/store/gpxl5qgg8kicmcvivwmybwjlpf7wh20l-graalvm17-ce-22.3.0/lib/libjimage.so
7f7e1eecc000-7f7e1eecd000 rw-p 00024000 00:54b 707802128                 /nix/store/gpxl5qgg8kicmcvivwmybwjlpf7wh20l-graalvm17-ce-22.3.0/lib/libjimage.so
7f7e1eecd000-7f7e1eed1000 ---p 00000000 00:00 0 
7f7e1eed1000-7f7e1efcd000 rw-p 00000000 00:00 0 
7f7e1efcd000-7f7e1efdb000 r--p 00000000 00:54b 600592023                 /nix/store/4nlgxhb09sdr51nc9hdm8az5b08vzkgx-glibc-2.35-163/lib/libm.so.6
7f7e1efdb000-7f7e1f04e000 r-xp 0000e000 00:54b 600592023                 /nix/store/4nlgxhb09sdr51nc9hdm8az5b08vzkgx-glibc-2.35-163/lib/libm.so.6
7f7e1f04e000-7f7e1f0ab000 r--p 00081000 00:54b 600592023                 /nix/store/4nlgxhb09sdr51nc9hdm8az5b08vzkgx-glibc-2.35-163/lib/libm.so.6
7f7e1f0ab000-7f7e1f0ac000 r--p 000dd000 00:54b 600592023                 /nix/store/4nlgxhb09sdr51nc9hdm8az5b08vzkgx-glibc-2.35-163/lib/libm.so.6
7f7e1f0ac000-7f7e1f0ad000 rw-p 000de000 00:54b 600592023                 /nix/store/4nlgxhb09sdr51nc9hdm8az5b08vzkgx-glibc-2.35-163/lib/libm.so.6
7f7e1f0ad000-7f7e1f0ae000 r--p 00000000 00:54b 600592042                 /nix/store/4nlgxhb09sdr51nc9hdm8az5b08vzkgx-glibc-2.35-163/lib/librt.so.1
7f7e1f0ae000-7f7e1f0af000 r-xp 00001000 00:54b 600592042                 /nix/store/4nlgxhb09sdr51nc9hdm8az5b08vzkgx-glibc-2.35-163/lib/librt.so.1
7f7e1f0af000-7f7e1f0b0000 r--p 00002000 00:54b 600592042                 /nix/store/4nlgxhb09sdr51nc9hdm8az5b08vzkgx-glibc-2.35-163/lib/librt.so.1
7f7e1f0b0000-7f7e1f0b1000 r--p 00002000 00:54b 600592042                 /nix/store/4nlgxhb09sdr51nc9hdm8az5b08vzkgx-glibc-2.35-163/lib/librt.so.1
7f7e1f0b1000-7f7e1f0b2000 rw-p 00003000 00:54b 600592042                 /nix/store/4nlgxhb09sdr51nc9hdm8az5b08vzkgx-glibc-2.35-163/lib/librt.so.1
7f7e1f0b2000-7f7e201c5000 r-xp 00000000 00:54b 707972962                 /nix/store/gpxl5qgg8kicmcvivwmybwjlpf7wh20l-graalvm17-ce-22.3.0/lib/server/libjvm.so
7f7e201c5000-7f7e201c6000 ---p 01113000 00:54b 707972962                 /nix/store/gpxl5qgg8kicmcvivwmybwjlpf7wh20l-graalvm17-ce-22.3.0/lib/server/libjvm.so
7f7e201c6000-7f7e2027b000 r--p 01113000 00:54b 707972962                 /nix/store/gpxl5qgg8kicmcvivwmybwjlpf7wh20l-graalvm17-ce-22.3.0/lib/server/libjvm.so
7f7e2027b000-7f7e202af000 rw-p 011c8000 00:54b 707972962                 /nix/store/gpxl5qgg8kicmcvivwmybwjlpf7wh20l-graalvm17-ce-22.3.0/lib/server/libjvm.so
7f7e202af000-7f7e2030b000 rw-p 00000000 00:00 0 
7f7e2030b000-7f7e20333000 r--p 00000000 00:54b 600592014                 /nix/store/4nlgxhb09sdr51nc9hdm8az5b08vzkgx-glibc-2.35-163/lib/libc.so.6
7f7e20333000-7f7e204a9000 r-xp 00028000 00:54b 600592014                 /nix/store/4nlgxhb09sdr51nc9hdm8az5b08vzkgx-glibc-2.35-163/lib/libc.so.6
7f7e204a9000-7f7e20501000 r--p 0019e000 00:54b 600592014                 /nix/store/4nlgxhb09sdr51nc9hdm8az5b08vzkgx-glibc-2.35-163/lib/libc.so.6
7f7e20501000-7f7e20505000 r--p 001f6000 00:54b 600592014                 /nix/store/4nlgxhb09sdr51nc9hdm8az5b08vzkgx-glibc-2.35-163/lib/libc.so.6
7f7e20505000-7f7e20507000 rw-p 001fa000 00:54b 600592014                 /nix/store/4nlgxhb09sdr51nc9hdm8az5b08vzkgx-glibc-2.35-163/lib/libc.so.6
7f7e20507000-7f7e20516000 rw-p 00000000 00:00 0 
7f7e20516000-7f7e20517000 r--p 00000000 00:54b 600592019                 /nix/store/4nlgxhb09sdr51nc9hdm8az5b08vzkgx-glibc-2.35-163/lib/libdl.so.2
7f7e20517000-7f7e20518000 r-xp 00001000 00:54b 600592019                 /nix/store/4nlgxhb09sdr51nc9hdm8az5b08vzkgx-glibc-2.35-163/lib/libdl.so.2
7f7e20518000-7f7e20519000 r--p 00002000 00:54b 600592019                 /nix/store/4nlgxhb09sdr51nc9hdm8az5b08vzkgx-glibc-2.35-163/lib/libdl.so.2
7f7e20519000-7f7e2051a000 r--p 00002000 00:54b 600592019                 /nix/store/4nlgxhb09sdr51nc9hdm8az5b08vzkgx-glibc-2.35-163/lib/libdl.so.2
7f7e2051a000-7f7e2051b000 rw-p 00003000 00:54b 600592019                 /nix/store/4nlgxhb09sdr51nc9hdm8az5b08vzkgx-glibc-2.35-163/lib/libdl.so.2
7f7e2051b000-7f7e2051c000 r--p 00000000 00:54b 600592038                 /nix/store/4nlgxhb09sdr51nc9hdm8az5b08vzkgx-glibc-2.35-163/lib/libpthread.so.0
7f7e2051c000-7f7e2051d000 r-xp 00001000 00:54b 600592038                 /nix/store/4nlgxhb09sdr51nc9hdm8az5b08vzkgx-glibc-2.35-163/lib/libpthread.so.0
7f7e2051d000-7f7e2051e000 r--p 00002000 00:54b 600592038                 /nix/store/4nlgxhb09sdr51nc9hdm8az5b08vzkgx-glibc-2.35-163/lib/libpthread.so.0
7f7e2051e000-7f7e2051f000 r--p 00002000 00:54b 600592038                 /nix/store/4nlgxhb09sdr51nc9hdm8az5b08vzkgx-glibc-2.35-163/lib/libpthread.so.0
7f7e2051f000-7f7e20520000 rw-p 00003000 00:54b 600592038                 /nix/store/4nlgxhb09sdr51nc9hdm8az5b08vzkgx-glibc-2.35-163/lib/libpthread.so.0
7f7e20520000-7f7e2052e000 r-xp 00000000 00:54b 707802129                 /nix/store/gpxl5qgg8kicmcvivwmybwjlpf7wh20l-graalvm17-ce-22.3.0/lib/libjli.so
7f7e2052e000-7f7e2052f000 ---p 0000e000 00:54b 707802129                 /nix/store/gpxl5qgg8kicmcvivwmybwjlpf7wh20l-graalvm17-ce-22.3.0/lib/libjli.so
7f7e2052f000-7f7e20530000 r--p 0000e000 00:54b 707802129                 /nix/store/gpxl5qgg8kicmcvivwmybwjlpf7wh20l-graalvm17-ce-22.3.0/lib/libjli.so
7f7e20530000-7f7e20531000 rw-p 0000f000 00:54b 707802129                 /nix/store/gpxl5qgg8kicmcvivwmybwjlpf7wh20l-graalvm17-ce-22.3.0/lib/libjli.so
7f7e20531000-7f7e20532000 rw-p 00012000 00:54b 707802129                 /nix/store/gpxl5qgg8kicmcvivwmybwjlpf7wh20l-graalvm17-ce-22.3.0/lib/libjli.so
7f7e20532000-7f7e20535000 r--p 00000000 00:54b 678822167                 /nix/store/026hln0aq1hyshaxsdvhg0kmcm6yf45r-zlib-1.2.13/lib/libz.so.1.2.13
7f7e20535000-7f7e20547000 r-xp 00003000 00:54b 678822167                 /nix/store/026hln0aq1hyshaxsdvhg0kmcm6yf45r-zlib-1.2.13/lib/libz.so.1.2.13
7f7e20547000-7f7e2054e000 r--p 00015000 00:54b 678822167                 /nix/store/026hln0aq1hyshaxsdvhg0kmcm6yf45r-zlib-1.2.13/lib/libz.so.1.2.13
7f7e2054e000-7f7e2054f000 r--p 0001b000 00:54b 678822167                 /nix/store/026hln0aq1hyshaxsdvhg0kmcm6yf45r-zlib-1.2.13/lib/libz.so.1.2.13
7f7e2054f000-7f7e20550000 rw-p 0001c000 00:54b 678822167                 /nix/store/026hln0aq1hyshaxsdvhg0kmcm6yf45r-zlib-1.2.13/lib/libz.so.1.2.13
7f7e20550000-7f7e20552000 rw-p 00000000 00:00 0 
7f7e20552000-7f7e20554000 r--p 00000000 00:54b 600592008                 /nix/store/4nlgxhb09sdr51nc9hdm8az5b08vzkgx-glibc-2.35-163/lib/ld-linux-x86-64.so.2
7f7e20554000-7f7e2057b000 r-xp 00002000 00:54b 600592008                 /nix/store/4nlgxhb09sdr51nc9hdm8az5b08vzkgx-glibc-2.35-163/lib/ld-linux-x86-64.so.2
7f7e2057b000-7f7e20587000 r--p 00029000 00:54b 600592008                 /nix/store/4nlgxhb09sdr51nc9hdm8az5b08vzkgx-glibc-2.35-163/lib/ld-linux-x86-64.so.2
7f7e20587000-7f7e20589000 r--p 00034000 00:54b 600592008                 /nix/store/4nlgxhb09sdr51nc9hdm8az5b08vzkgx-glibc-2.35-163/lib/ld-linux-x86-64.so.2
7f7e20589000-7f7e2058b000 rw-p 00036000 00:54b 600592008                 /nix/store/4nlgxhb09sdr51nc9hdm8az5b08vzkgx-glibc-2.35-163/lib/ld-linux-x86-64.so.2
7fff38ae7000-7fff38b0b000 rw-p 00000000 00:00 0                          [stack]
7fff38b9b000-7fff38b9f000 r--p 00000000 00:00 0                          [vvar]
7fff38b9f000-7fff38ba1000 r-xp 00000000 00:00 0                          [vdso]
ffffffffff600000-ffffffffff601000 --xp 00000000 00:00 0                  [vsyscall]


VM Arguments:
jvm_args: -XX:ThreadPriorityPolicy=1 -XX:+UnlockExperimentalVMOptions -XX:+EnableJVMCIProduct -XX:JVMCIThreadsPerNativeLibraryRuntime=1 -XX:-UnlockExperimentalVMOptions -Declipse.application=org.eclipse.jdt.ls.core.id1 -Dosgi.bundles.defaultStartLevel=4 -Declipse.product=org.eclipse.jdt.ls.core.product -Dlog.level=ALL -Xverify:none -XX:+UseParallelGC -XX:GCTimeRatio=4 -XX:AdaptiveSizePolicyWeight=90 -Dsun.zip.disableMemoryMapping=true -Xmx512m -Xms100m 
java_command: /nix/store/q9712qvwdh22a4krw4jz2sjrz07mvjbl-jdt-language-server-1.9.0/share/java/plugins/org.eclipse.equinox.launcher_1.6.400.v20210924-0641.jar --add-modules=ALL-SYSTEM --add-opens java.base/java.util=ALL-UNNAMED --add-opens java.base/java.lang=ALL-UNNAMED -configuration /home/runner/Nim-game/.cache/jdt-language-server/config -data /home/runner/.cache/jdt-language-server/data/home/runner/Nim-game
java_class_path (initial): /nix/store/q9712qvwdh22a4krw4jz2sjrz07mvjbl-jdt-language-server-1.9.0/share/java/plugins/org.eclipse.equinox.launcher_1.6.400.v20210924-0641.jar
Launcher Type: SUN_STANDARD

[Global flags]
    uintx AdaptiveSizePolicyWeight                 = 90                                        {product} {command line}
     intx CICompilerCount                          = 2                                         {product} {ergonomic}
     bool EnableJVMCIProduct                       = true                                {JVMCI product} {jimage}
    uintx GCTimeRatio                              = 4                                         {product} {command line}
   size_t InitialHeapSize                          = 104857600                                 {product} {command line}
     uint JVMCIThreadsPerNativeLibraryRuntime      = 1                                   {JVMCI product} {jimage}
   size_t MaxHeapSize                              = 536870912                                 {product} {command line}
   size_t MaxNewSize                               = 178782208                                 {product} {ergonomic}
   size_t MinHeapDeltaBytes                        = 524288                                    {product} {ergonomic}
   size_t MinHeapSize                              = 104857600                                 {product} {command line}
   size_t NewSize                                  = 34603008                                  {product} {ergonomic}
    uintx NonNMethodCodeHeapSize                   = 5826188                                {pd product} {ergonomic}
    uintx NonProfiledCodeHeapSize                  = 122916026                              {pd product} {ergonomic}
   size_t OldSize                                  = 70254592                                  {product} {ergonomic}
    uintx ProfiledCodeHeapSize                     = 122916026                              {pd product} {ergonomic}
    uintx ReservedCodeCacheSize                    = 251658240                              {pd product} {ergonomic}
     bool SegmentedCodeCache                       = true                                      {product} {ergonomic}
   size_t SoftMaxHeapSize                          = 536870912                              {manageable} {ergonomic}
     intx ThreadPriorityPolicy                     = 1                                         {product} {jimage}
     bool UseCompressedClassPointers               = true                           {product lp64_product} {ergonomic}
     bool UseCompressedOops                        = true                           {product lp64_product} {ergonomic}
     bool UseParallelGC                            = true                                      {product} {command line}

Logging:
Log output configuration:
 #0: stdout all=warning uptime,level,tags
 #1: stderr all=off uptime,level,tags

Environment Variables:
JAVA_HOME=/nix/store/gpxl5qgg8kicmcvivwmybwjlpf7wh20l-graalvm17-ce-22.3.0
PATH=/nix/store/1d6ian3r8kdzspw8hacjhl3xkp40g1lj-binutils-wrapper-2.39/bin:/nix/store/dq0xwmsk1g0i2ayg6pb7y87na2knzylh-gcc-wrapper-11.3.0/bin:/nix/store/bap4d0lpcrhpwmpb8ayjcgkmvfj62lnq-bash-interactive-5.1-p16/bin:/nix/store/pr5n59mb4jzmfx6kanwxly0l07p861fg-patchelf-0.15.0/bin:/nix/store/1gf2flfqnpqbr1b4p4qz2f72y42bs56r-gcc-11.3.0/bin:/nix/store/57xv61c5zi8pphjbcwxxjlgc34p61ic9-glibc-2.35-163-bin/bin:/nix/store/a7gvj343m05j2s32xcnwr35v31ynlypr-coreutils-9.1/bin:/nix/store/039g378vc3pc3dvi9dzdlrd0i4q93qwf-binutils-2.39/bin:/nix/store/gpxl5qgg8kicmcvivwmybwjlpf7wh20l-graalvm17-ce-22.3.0/bin:/nix/store/6z9ag3ihc8mq2hzsw48lhbznvzny65nz-apache-maven-3.8.6/bin:/nix/store/q9712qvwdh22a4krw4jz2sjrz07mvjbl-jdt-language-server-1.9.0/bin:/nix/store/9zdrgm97n766nc0kj11x4xvvp00qlfk9-java-debug/bin:/nix/store/mydc6f4k2z73xlcz7ilif3v2lcaiqvza-findutils-4.9.0/bin:/nix/store/j9p3g8472iijd50vhdprx0nmk2fqn5gv-diffutils-3.8/bin:/nix/store/89zs7rms6x00xfq4dq6m7mjnhkr8a6r4-gnused-4.8/bin:/nix/store/86bp03jkmsl6f92w0yzg4s59g5mhxwmy-gnugrep-3.7/bin:/nix/store/hwcdqw4jrjnd37wxqgsd47hd0j8bnj09-gawk-5.1.1/bin:/nix/store/cfbhw8r8ags41vwqaz47r583d0p4h4a1-gnutar-1.34/bin:/nix/store/p3m1ndl1lapwrlh698bnb5lvvxh67378-gzip-1.12/bin:/nix/store/a8mhcagrsly7c7mpjrpsnaahk4aax056-bzip2-1.0.8-bin/bin:/nix/store/mblgz65m3zv9x548a3d5m96fj2pbwr09-gnumake-4.3/bin:/nix/store/dsd5gz46hdbdk2rfdimqddhq6m8m8fqs-bash-5.1-p16/bin:/nix/store/v7ljksji50mg3w61dykaa3n3y79n6nil-patch-2.7.6/bin:/nix/store/zlcnmqq14jz5x9439jf937mvayyl63da-xz-5.2.7-bin/bin:/nix/store/y6aj732zm9m87c82fpvf103a1xb22blp-file-5.43/bin:/nix/store/yq0vlv3d2f5si3ibawpq5ay2pc6knixp-nix-2.18.0pre20230808_c0e6466/bin:/nix/store/i4kzir3m7mrisxmf5xvlnkw01x4qaqr4-prybar-elisp-0.0.0-e0d9a52/bin:/nix/store/lwwivxf6h7x3cvxp9zv8sj0mv7dak99r-prybar-lua-0.0.0-e0d9a52/bin:/nix/store/gxj28g1cg4hq3qanmjv07156h800qr58-prybar-python3-0.0.0-e0d9a52/bin:/nix/store/hshkjnxrgidigf8x75vg6lqng2xlx9i3-prybar-sqlite-0.0.0-e0d9a52/bin:/nix/store/c4w01bpjgyy5ixmwdk8m1pw87zq4sl
LD_LIBRARY_PATH=/nix/store/a4pff549sk2idnkpzk5nsfps3mdkdnvm-cups-2.4.2-lib/lib:/nix/store/72mqxxhh3cy5yifh92wh2yb8cl2hikyy-cairo-1.16.0/lib:/nix/store/2k366jrbsra97gjfxwvrhvixjfxdach5-glib-2.74.1/lib:/nix/store/2j2znigd8ak37rlwh9khz0ry3clqlw1l-gtk+3-3.24.34/lib:/nix/store/hisqvx32cd57apbpcsnkpx6k3549wql1-libglvnd-1.4.0/lib:/nix/store/p36pgcv991mq5srvg765b78yqpxvk3qs-mesa-21.3.3-drivers/lib:/nix/store/mav4251if1ahjq5vkpwycyyvnmy459c4-pulseaudio-14.2/lib
DISPLAY=:0
LANG=en_US.UTF-8

Signal Handlers:
   SIGSEGV: crash_handler in libjvm.so, mask=11100100010111111101111111111110, flags=SA_RESTART|SA_SIGINFO
    SIGBUS: crash_handler in libjvm.so, mask=11100100010111111101111111111110, flags=SA_RESTART|SA_SIGINFO
    SIGFPE: crash_handler in libjvm.so, mask=11100100010111111101111111111110, flags=SA_RESTART|SA_SIGINFO
   SIGPIPE: IsolateEnterStub_IgnoreSIGPIPEStartupHook_noopSignalHandler_8f19bff2f35b5f630d83b364d6b2339320d4ec70_216e8361c6bc87a8f89f58cc10d3b2fd4415bf87 in libjvmcicompiler.so, mask=00000000000000000000000000000000, flags=SA_RESTART
  *** Handler was modified!
  *** Expected: javaSignalHandler in libjvm.so, mask=11100100110111111111111111111110, flags=SA_RESTART|SA_SIGINFO
   SIGXFSZ: javaSignalHandler in libjvm.so, mask=11100100010111111101111111111110, flags=SA_RESTART|SA_SIGINFO
    SIGILL: crash_handler in libjvm.so, mask=11100100010111111101111111111110, flags=SA_RESTART|SA_SIGINFO
   SIGUSR2: SR_handler in libjvm.so, mask=00000000000000000000000000000000, flags=SA_RESTART|SA_SIGINFO
    SIGHUP: UserHandler in libjvm.so, mask=11100100010111111101111111111110, flags=SA_RESTART|SA_SIGINFO
    SIGINT: UserHandler in libjvm.so, mask=11100100010111111101111111111110, flags=SA_RESTART|SA_SIGINFO
   SIGTERM: UserHandler in libjvm.so, mask=11100100010111111101111111111110, flags=SA_RESTART|SA_SIGINFO
   SIGQUIT: UserHandler in libjvm.so, mask=11100100010111111101111111111110, flags=SA_RESTART|SA_SIGINFO
  *** Handler was modified!
  *** Expected: javaSignalHandler in libjvm.so, mask=11100100110111111111111111111110, flags=SA_RESTART|SA_SIGINFO
   SIGTRAP: crash_handler in libjvm.so, mask=11100100010111111101111111111110, flags=SA_RESTART|SA_SIGINFO


---------------  S Y S T E M  ---------------

OS:
DISTRIB_ID=Ubuntu
DISTRIB_RELEASE=20.04
DISTRIB_CODENAME=focal
DISTRIB_DESCRIPTION="Ubuntu 20.04.2 LTS"
uname: Linux 6.2.0-1019-gcp #21~22.04.1-Ubuntu SMP Thu Nov 16 18:18:34 UTC 2023 x86_64
OS uptime: 0 days 8:15 hours
libc: glibc 2.35 NPTL 2.35 
rlimit (soft/hard): STACK 8192k/infinity , CORE infinity/infinity , NPROC infinity/infinity , NOFILE 5242/5242 , AS infinity/infinity , CPU infinity/infinity , DATA infinity/infinity , FSIZE infinity/infinity , MEMLOCK 8192k/8192k
load average: 18.17 14.77 13.90

/proc/meminfo:
MemTotal:       65835924 kB
MemFree:        31571760 kB
MemAvailable:   43154248 kB
Buffers:         2920208 kB
Cached:          8479092 kB
SwapCached:            0 kB
Active:          7375320 kB
Inactive:       24773192 kB
Active(anon):       4848 kB
Inactive(anon): 20433144 kB
Active(file):    7370472 kB
Inactive(file):  4340048 kB
Unevictable:       28976 kB
Mlocked:           28976 kB
SwapTotal:             0 kB
SwapFree:              0 kB
Zswap:                 0 kB
Zswapped:              0 kB
Dirty:              2184 kB
Writeback:            64 kB
AnonPages:      19338160 kB
Mapped:          1472988 kB
Shmem:             13552 kB
KReclaimable:    1126804 kB
Slab:            1544552 kB
SReclaimable:    1126804 kB
SUnreclaim:       417748 kB
KernelStack:       72768 kB
PageTables:       176180 kB
SecPageTables:         0 kB
NFS_Unstable:          0 kB
Bounce:                0 kB
WritebackTmp:          0 kB
CommitLimit:    32917960 kB
Committed_AS:   40439036 kB
VmallocTotal:   34359738367 kB
VmallocUsed:       97508 kB
VmallocChunk:          0 kB
Percpu:            33120 kB
HardwareCorrupted:     0 kB
AnonHugePages:   3215360 kB
ShmemHugePages:        0 kB
ShmemPmdMapped:        0 kB
FileHugePages:         0 kB
FilePmdMapped:         0 kB
HugePages_Total:       0
HugePages_Free:        0
HugePages_Rsvd:        0
HugePages_Surp:        0
Hugepagesize:       2048 kB
Hugetlb:               0 kB
DirectMap4k:      252728 kB
DirectMap2M:    14424064 kB
DirectMap1G:    54525952 kB

/sys/kernel/mm/transparent_hugepage/enabled: always [madvise] never
/sys/kernel/mm/transparent_hugepage/defrag (defrag/compaction efforts parameter): always defer defer+madvise [madvise] never

Process Memory:
Virtual Size: 4722300K (peak: 4755260K)
Resident Set Size: 733464K (peak: 768728K) (anon: 535596K, file: 197868K, shmem: 0K)
Swapped out: 0K
C-Heap outstanding allocations: 39605K, retained: 15406K
glibc malloc tunables: (default)

/proc/sys/kernel/threads-max (system-wide limit on the number of threads): 514277
/proc/sys/vm/max_map_count (maximum number of memory map areas a process may have): 65530
/proc/sys/kernel/pid_max (system-wide limit on number of process identifiers): 4194304

container (cgroup) information:
container_type: cgroupv2
cpu_cpuset_cpus: not supported
cpu_memory_nodes: not supported
active_processor_count: 1
cpu_quota: 50000
cpu_period: 100000
cpu_shares: no shares
memory_limit_in_bytes: 1048576 k
memory_and_swap_limit_in_bytes: unlimited
memory_soft_limit_in_bytes: 524288 k
memory_usage_in_bytes: 576076 k
memory_max_usage_in_bytes: not supported
maximum number of tasks: not supported
current number of tasks: not supported

KVM virtualization detected
Steal ticks since vm start: 871
Steal ticks percentage since vm start:  0.001

CPU: total 8 (initial active 1) (4 cores per cpu, 2 threads per core) family 6 model 79 stepping 0 microcode 0xffffffff, cx8, cmov, fxsr, ht, mmx, 3dnowpref, sse, sse2, sse3, ssse3, sse4.1, sse4.2, popcnt, lzcnt, tsc, tscinvbit, avx, avx2, aes, erms, clmul, bmi1, bmi2, rtm, adx, fma, vzeroupper, clflush, hv
CPU Model and flags from /proc/cpuinfo:
model name	: Intel(R) Xeon(R) CPU @ 2.20GHz
flags		: fpu vme de pse tsc msr pae mce cx8 apic sep mtrr pge mca cmov pat pse36 clflush mmx fxsr sse sse2 ss ht syscall nx pdpe1gb rdtscp lm constant_tsc rep_good nopl xtopology nonstop_tsc cpuid tsc_known_freq pni pclmulqdq ssse3 fma cx16 pcid sse4_1 sse4_2 x2apic movbe popcnt aes xsave avx f16c rdrand hypervisor lahf_lm abm 3dnowprefetch invpcid_single pti ssbd ibrs ibpb stibp fsgsbase tsc_adjust bmi1 hle avx2 smep bmi2 erms invpcid rtm rdseed adx smap xsaveopt arat md_clear arch_capabilities

Online cpus: 0-7
Offline cpus: 
BIOS frequency limitation: <Not Available>
Frequency switch latency (ns): <Not Available>
Available cpu frequencies: <Not Available>
Current governor: <Not Available>
Core performance/turbo boost: <Not Available>

Memory: 4k page, physical 1048576k(472484k free), swap 0k(0k free)
Page Sizes: 4k

vm_info: OpenJDK 64-Bit Server VM (17.0.5+8-jvmci-22.3-b08) for linux-amd64 JRE (17.0.5+8-jvmci-22.3-b08), built on Oct 19 2022 09:01:27 by "buildslave" with gcc 10.3.0

END.
